   0  $accept : programa $end

   1  programa : definiciones DEF MAIN '(' ')' ':' VOID '{' body '}'

   2  definiciones : definiciones definicion
   3               |

   4  definicion : def ';'
   5             | funcion

   6  funcion : DEF ID '(' params ')' ':' retorno '{' body '}'

   7  retorno : tipo
   8          | VOID

   9  body : defs
  10       | sentencias
  11       | defs sentencias
  12       |

  13  params :
  14         | param

  15  param : par
  16        | param ',' par

  17  par : ID ':' tipo

  18  defs : def ';'
  19       | defs def ';'

  20  def : ids ':' tipo

  21  ids : ID
  22      | ids ',' ID

  23  tipo : INT
  24       | DOUBLE
  25       | CHAR
  26       | '[' INT_CONSTANT ']' tipo
  27       | STRUCT '{' campos '}'

  28  campos : campo
  29         | campos campo

  30  campo : ids ':' tipo ';'

  31  sentencias : sentencia
  32             | sentencias sentencia

  33  sentencia : PRINT list ';'
  34            | INPUT list ';'
  35            | RETURN expresion ';'
  36            | condicionalSimple
  37            | condicionalComplejo
  38            | while
  39            | asignacion ';'
  40            | invocacion ';'
  41            | expresion INCREMENT ';'
  42            | expresion DECREMENT ';'
  43            | expresion INCREMENT_ASSIGMENT expresion ';'
  44            | expresion DECREMENT_ASSIGMENT expresion ';'
  45            | expresion MUL_ASSIGMENT expresion ';'
  46            | expresion DIV_ASSIGMENT expresion ';'

  47  expresion : ID
  48            | INT_CONSTANT
  49            | CHAR_CONSTANT
  50            | REAL_CONSTANT
  51            | '(' expresion ')'
  52            | expresion '[' expresion ']'
  53            | expresion '.' ID
  54            | '(' tipo ')' expresion
  55            | '-' expresion
  56            | '!' expresion
  57            | expresion '*' expresion
  58            | expresion '/' expresion
  59            | expresion '%' expresion
  60            | expresion '+' expresion
  61            | expresion '-' expresion
  62            | expresion '>' expresion
  63            | expresion GREATER expresion
  64            | expresion '<' expresion
  65            | expresion SMALLER expresion
  66            | expresion NEGATION expresion
  67            | expresion EQUALS expresion
  68            | expresion AND expresion
  69            | expresion OR expresion
  70            | ID '(' args ')'

  71  list : expresion
  72       | list ',' expresion

  73  asignacion : expresion '=' expresion

  74  invocacion : ID '(' args ')'

  75  while : WHILE expresion ':' '{' sentencias '}'

  76  condicionalSimple : IF expresion ':' cuerpo

  77  condicionalComplejo : IF expresion ':' cuerpo else

  78  else : ELSE cuerpo

  79  cuerpo : sentencia
  80         | '{' sentencias '}'

  81  args :
  82       | arg

  83  arg : expresion
  84      | arg ',' expresion

state 0
	$accept : . programa $end  (0)
	definiciones : .  (3)

	.  reduce 3

	programa  goto 1
	definiciones  goto 2


state 1
	$accept : programa . $end  (0)

	$end  accept


state 2
	programa : definiciones . DEF MAIN '(' ')' ':' VOID '{' body '}'  (1)
	definiciones : definiciones . definicion  (2)

	DEF  shift 3
	ID  shift 4
	.  error

	definicion  goto 5
	def  goto 6
	funcion  goto 7
	ids  goto 8


state 3
	programa : definiciones DEF . MAIN '(' ')' ':' VOID '{' body '}'  (1)
	funcion : DEF . ID '(' params ')' ':' retorno '{' body '}'  (6)

	ID  shift 9
	MAIN  shift 10
	.  error


state 4
	ids : ID .  (21)

	.  reduce 21


state 5
	definiciones : definiciones definicion .  (2)

	.  reduce 2


state 6
	definicion : def . ';'  (4)

	';'  shift 11
	.  error


state 7
	definicion : funcion .  (5)

	.  reduce 5


state 8
	def : ids . ':' tipo  (20)
	ids : ids . ',' ID  (22)

	':'  shift 12
	','  shift 13
	.  error


state 9
	funcion : DEF ID . '(' params ')' ':' retorno '{' body '}'  (6)

	'('  shift 14
	.  error


state 10
	programa : definiciones DEF MAIN . '(' ')' ':' VOID '{' body '}'  (1)

	'('  shift 15
	.  error


state 11
	definicion : def ';' .  (4)

	.  reduce 4


state 12
	def : ids ':' . tipo  (20)

	INT  shift 16
	DOUBLE  shift 17
	CHAR  shift 18
	STRUCT  shift 19
	'['  shift 20
	.  error

	tipo  goto 21


state 13
	ids : ids ',' . ID  (22)

	ID  shift 22
	.  error


state 14
	funcion : DEF ID '(' . params ')' ':' retorno '{' body '}'  (6)
	params : .  (13)

	ID  shift 23
	')'  reduce 13

	params  goto 24
	param  goto 25
	par  goto 26


state 15
	programa : definiciones DEF MAIN '(' . ')' ':' VOID '{' body '}'  (1)

	')'  shift 27
	.  error


state 16
	tipo : INT .  (23)

	.  reduce 23


state 17
	tipo : DOUBLE .  (24)

	.  reduce 24


state 18
	tipo : CHAR .  (25)

	.  reduce 25


state 19
	tipo : STRUCT . '{' campos '}'  (27)

	'{'  shift 28
	.  error


state 20
	tipo : '[' . INT_CONSTANT ']' tipo  (26)

	INT_CONSTANT  shift 29
	.  error


state 21
	def : ids ':' tipo .  (20)

	.  reduce 20


state 22
	ids : ids ',' ID .  (22)

	.  reduce 22


state 23
	par : ID . ':' tipo  (17)

	':'  shift 30
	.  error


state 24
	funcion : DEF ID '(' params . ')' ':' retorno '{' body '}'  (6)

	')'  shift 31
	.  error


state 25
	params : param .  (14)
	param : param . ',' par  (16)

	','  shift 32
	')'  reduce 14


state 26
	param : par .  (15)

	.  reduce 15


state 27
	programa : definiciones DEF MAIN '(' ')' . ':' VOID '{' body '}'  (1)

	':'  shift 33
	.  error


state 28
	tipo : STRUCT '{' . campos '}'  (27)

	ID  shift 4
	.  error

	ids  goto 34
	campos  goto 35
	campo  goto 36


state 29
	tipo : '[' INT_CONSTANT . ']' tipo  (26)

	']'  shift 37
	.  error


state 30
	par : ID ':' . tipo  (17)

	INT  shift 16
	DOUBLE  shift 17
	CHAR  shift 18
	STRUCT  shift 19
	'['  shift 20
	.  error

	tipo  goto 38


state 31
	funcion : DEF ID '(' params ')' . ':' retorno '{' body '}'  (6)

	':'  shift 39
	.  error


state 32
	param : param ',' . par  (16)

	ID  shift 23
	.  error

	par  goto 40


state 33
	programa : definiciones DEF MAIN '(' ')' ':' . VOID '{' body '}'  (1)

	VOID  shift 41
	.  error


state 34
	ids : ids . ',' ID  (22)
	campo : ids . ':' tipo ';'  (30)

	':'  shift 42
	','  shift 13
	.  error


state 35
	tipo : STRUCT '{' campos . '}'  (27)
	campos : campos . campo  (29)

	ID  shift 4
	'}'  shift 43
	.  error

	ids  goto 34
	campo  goto 44


state 36
	campos : campo .  (28)

	.  reduce 28


state 37
	tipo : '[' INT_CONSTANT ']' . tipo  (26)

	INT  shift 16
	DOUBLE  shift 17
	CHAR  shift 18
	STRUCT  shift 19
	'['  shift 20
	.  error

	tipo  goto 45


state 38
	par : ID ':' tipo .  (17)

	.  reduce 17


state 39
	funcion : DEF ID '(' params ')' ':' . retorno '{' body '}'  (6)

	INT  shift 16
	DOUBLE  shift 17
	CHAR  shift 18
	STRUCT  shift 19
	VOID  shift 46
	'['  shift 20
	.  error

	retorno  goto 47
	tipo  goto 48


state 40
	param : param ',' par .  (16)

	.  reduce 16


state 41
	programa : definiciones DEF MAIN '(' ')' ':' VOID . '{' body '}'  (1)

	'{'  shift 49
	.  error


state 42
	campo : ids ':' . tipo ';'  (30)

	INT  shift 16
	DOUBLE  shift 17
	CHAR  shift 18
	STRUCT  shift 19
	'['  shift 20
	.  error

	tipo  goto 50


state 43
	tipo : STRUCT '{' campos '}' .  (27)

	.  reduce 27


state 44
	campos : campos campo .  (29)

	.  reduce 29


state 45
	tipo : '[' INT_CONSTANT ']' tipo .  (26)

	.  reduce 26


state 46
	retorno : VOID .  (8)

	.  reduce 8


state 47
	funcion : DEF ID '(' params ')' ':' retorno . '{' body '}'  (6)

	'{'  shift 51
	.  error


state 48
	retorno : tipo .  (7)

	.  reduce 7


state 49
	programa : definiciones DEF MAIN '(' ')' ':' VOID '{' . body '}'  (1)
	body : .  (12)

	INT_CONSTANT  shift 52
	INPUT  shift 53
	PRINT  shift 54
	WHILE  shift 55
	IF  shift 56
	RETURN  shift 57
	ID  shift 58
	REAL_CONSTANT  shift 59
	CHAR_CONSTANT  shift 60
	'-'  shift 61
	'!'  shift 62
	'('  shift 63
	'}'  reduce 12

	body  goto 64
	def  goto 65
	defs  goto 66
	sentencias  goto 67
	ids  goto 8
	sentencia  goto 68
	expresion  goto 69
	condicionalSimple  goto 70
	condicionalComplejo  goto 71
	while  goto 72
	asignacion  goto 73
	invocacion  goto 74


state 50
	campo : ids ':' tipo . ';'  (30)

	';'  shift 75
	.  error


state 51
	funcion : DEF ID '(' params ')' ':' retorno '{' . body '}'  (6)
	body : .  (12)

	INT_CONSTANT  shift 52
	INPUT  shift 53
	PRINT  shift 54
	WHILE  shift 55
	IF  shift 56
	RETURN  shift 57
	ID  shift 58
	REAL_CONSTANT  shift 59
	CHAR_CONSTANT  shift 60
	'-'  shift 61
	'!'  shift 62
	'('  shift 63
	'}'  reduce 12

	body  goto 76
	def  goto 65
	defs  goto 66
	sentencias  goto 67
	ids  goto 8
	sentencia  goto 68
	expresion  goto 69
	condicionalSimple  goto 70
	condicionalComplejo  goto 71
	while  goto 72
	asignacion  goto 73
	invocacion  goto 74


state 52
	expresion : INT_CONSTANT .  (48)

	.  reduce 48


state 53
	sentencia : INPUT . list ';'  (34)

	INT_CONSTANT  shift 52
	ID  shift 77
	REAL_CONSTANT  shift 59
	CHAR_CONSTANT  shift 60
	'-'  shift 61
	'!'  shift 62
	'('  shift 63
	.  error

	list  goto 78
	expresion  goto 79


state 54
	sentencia : PRINT . list ';'  (33)

	INT_CONSTANT  shift 52
	ID  shift 77
	REAL_CONSTANT  shift 59
	CHAR_CONSTANT  shift 60
	'-'  shift 61
	'!'  shift 62
	'('  shift 63
	.  error

	list  goto 80
	expresion  goto 79


state 55
	while : WHILE . expresion ':' '{' sentencias '}'  (75)

	INT_CONSTANT  shift 52
	ID  shift 77
	REAL_CONSTANT  shift 59
	CHAR_CONSTANT  shift 60
	'-'  shift 61
	'!'  shift 62
	'('  shift 63
	.  error

	expresion  goto 81


state 56
	condicionalSimple : IF . expresion ':' cuerpo  (76)
	condicionalComplejo : IF . expresion ':' cuerpo else  (77)

	INT_CONSTANT  shift 52
	ID  shift 77
	REAL_CONSTANT  shift 59
	CHAR_CONSTANT  shift 60
	'-'  shift 61
	'!'  shift 62
	'('  shift 63
	.  error

	expresion  goto 82


state 57
	sentencia : RETURN . expresion ';'  (35)

	INT_CONSTANT  shift 52
	ID  shift 77
	REAL_CONSTANT  shift 59
	CHAR_CONSTANT  shift 60
	'-'  shift 61
	'!'  shift 62
	'('  shift 63
	.  error

	expresion  goto 83


state 58
	ids : ID .  (21)
	expresion : ID .  (47)
	expresion : ID . '(' args ')'  (70)
	invocacion : ID . '(' args ')'  (74)

	'('  shift 84
	GREATER  reduce 47
	SMALLER  reduce 47
	EQUALS  reduce 47
	NEGATION  reduce 47
	OR  reduce 47
	AND  reduce 47
	INCREMENT  reduce 47
	DECREMENT  reduce 47
	INCREMENT_ASSIGMENT  reduce 47
	DECREMENT_ASSIGMENT  reduce 47
	MUL_ASSIGMENT  reduce 47
	DIV_ASSIGMENT  reduce 47
	'='  reduce 47
	'<'  reduce 47
	'>'  reduce 47
	'-'  reduce 47
	'+'  reduce 47
	'*'  reduce 47
	'/'  reduce 47
	'%'  reduce 47
	'.'  reduce 47
	'['  reduce 47
	':'  reduce 21
	','  reduce 21


state 59
	expresion : REAL_CONSTANT .  (50)

	.  reduce 50


state 60
	expresion : CHAR_CONSTANT .  (49)

	.  reduce 49


state 61
	expresion : '-' . expresion  (55)

	INT_CONSTANT  shift 52
	ID  shift 77
	REAL_CONSTANT  shift 59
	CHAR_CONSTANT  shift 60
	'-'  shift 61
	'!'  shift 62
	'('  shift 63
	.  error

	expresion  goto 85


state 62
	expresion : '!' . expresion  (56)

	INT_CONSTANT  shift 52
	ID  shift 77
	REAL_CONSTANT  shift 59
	CHAR_CONSTANT  shift 60
	'-'  shift 61
	'!'  shift 62
	'('  shift 63
	.  error

	expresion  goto 86


state 63
	expresion : '(' . expresion ')'  (51)
	expresion : '(' . tipo ')' expresion  (54)

	INT_CONSTANT  shift 52
	INT  shift 16
	DOUBLE  shift 17
	CHAR  shift 18
	STRUCT  shift 19
	ID  shift 77
	REAL_CONSTANT  shift 59
	CHAR_CONSTANT  shift 60
	'-'  shift 61
	'!'  shift 62
	'['  shift 20
	'('  shift 63
	.  error

	tipo  goto 87
	expresion  goto 88


state 64
	programa : definiciones DEF MAIN '(' ')' ':' VOID '{' body . '}'  (1)

	'}'  shift 89
	.  error


state 65
	defs : def . ';'  (18)

	';'  shift 90
	.  error


state 66
	body : defs .  (9)
	body : defs . sentencias  (11)
	defs : defs . def ';'  (19)

	INT_CONSTANT  shift 52
	INPUT  shift 53
	PRINT  shift 54
	WHILE  shift 55
	IF  shift 56
	RETURN  shift 57
	ID  shift 58
	REAL_CONSTANT  shift 59
	CHAR_CONSTANT  shift 60
	'-'  shift 61
	'!'  shift 62
	'('  shift 63
	'}'  reduce 9

	def  goto 91
	sentencias  goto 92
	ids  goto 8
	sentencia  goto 68
	expresion  goto 69
	condicionalSimple  goto 70
	condicionalComplejo  goto 71
	while  goto 72
	asignacion  goto 73
	invocacion  goto 74


state 67
	body : sentencias .  (10)
	sentencias : sentencias . sentencia  (32)

	INT_CONSTANT  shift 52
	INPUT  shift 53
	PRINT  shift 54
	WHILE  shift 55
	IF  shift 56
	RETURN  shift 57
	ID  shift 93
	REAL_CONSTANT  shift 59
	CHAR_CONSTANT  shift 60
	'-'  shift 61
	'!'  shift 62
	'('  shift 63
	'}'  reduce 10

	sentencia  goto 94
	expresion  goto 69
	condicionalSimple  goto 70
	condicionalComplejo  goto 71
	while  goto 72
	asignacion  goto 73
	invocacion  goto 74


state 68
	sentencias : sentencia .  (31)

	.  reduce 31


state 69
	sentencia : expresion . INCREMENT ';'  (41)
	sentencia : expresion . DECREMENT ';'  (42)
	sentencia : expresion . INCREMENT_ASSIGMENT expresion ';'  (43)
	sentencia : expresion . DECREMENT_ASSIGMENT expresion ';'  (44)
	sentencia : expresion . MUL_ASSIGMENT expresion ';'  (45)
	sentencia : expresion . DIV_ASSIGMENT expresion ';'  (46)
	expresion : expresion . '[' expresion ']'  (52)
	expresion : expresion . '.' ID  (53)
	expresion : expresion . '*' expresion  (57)
	expresion : expresion . '/' expresion  (58)
	expresion : expresion . '%' expresion  (59)
	expresion : expresion . '+' expresion  (60)
	expresion : expresion . '-' expresion  (61)
	expresion : expresion . '>' expresion  (62)
	expresion : expresion . GREATER expresion  (63)
	expresion : expresion . '<' expresion  (64)
	expresion : expresion . SMALLER expresion  (65)
	expresion : expresion . NEGATION expresion  (66)
	expresion : expresion . EQUALS expresion  (67)
	expresion : expresion . AND expresion  (68)
	expresion : expresion . OR expresion  (69)
	asignacion : expresion . '=' expresion  (73)

	GREATER  shift 95
	SMALLER  shift 96
	EQUALS  shift 97
	NEGATION  shift 98
	OR  shift 99
	AND  shift 100
	INCREMENT  shift 101
	DECREMENT  shift 102
	INCREMENT_ASSIGMENT  shift 103
	DECREMENT_ASSIGMENT  shift 104
	MUL_ASSIGMENT  shift 105
	DIV_ASSIGMENT  shift 106
	'='  shift 107
	'<'  shift 108
	'>'  shift 109
	'-'  shift 110
	'+'  shift 111
	'*'  shift 112
	'/'  shift 113
	'%'  shift 114
	'.'  shift 115
	'['  shift 116
	.  error


state 70
	sentencia : condicionalSimple .  (36)

	.  reduce 36


state 71
	sentencia : condicionalComplejo .  (37)

	.  reduce 37


state 72
	sentencia : while .  (38)

	.  reduce 38


state 73
	sentencia : asignacion . ';'  (39)

	';'  shift 117
	.  error


state 74
	sentencia : invocacion . ';'  (40)

	';'  shift 118
	.  error


state 75
	campo : ids ':' tipo ';' .  (30)

	.  reduce 30


state 76
	funcion : DEF ID '(' params ')' ':' retorno '{' body . '}'  (6)

	'}'  shift 119
	.  error


state 77
	expresion : ID .  (47)
	expresion : ID . '(' args ')'  (70)

	'('  shift 120
	GREATER  reduce 47
	SMALLER  reduce 47
	EQUALS  reduce 47
	NEGATION  reduce 47
	OR  reduce 47
	AND  reduce 47
	INCREMENT  reduce 47
	DECREMENT  reduce 47
	INCREMENT_ASSIGMENT  reduce 47
	DECREMENT_ASSIGMENT  reduce 47
	MUL_ASSIGMENT  reduce 47
	DIV_ASSIGMENT  reduce 47
	'='  reduce 47
	'<'  reduce 47
	'>'  reduce 47
	'-'  reduce 47
	'+'  reduce 47
	'*'  reduce 47
	'/'  reduce 47
	'%'  reduce 47
	'.'  reduce 47
	'['  reduce 47
	']'  reduce 47
	')'  reduce 47
	':'  reduce 47
	';'  reduce 47
	','  reduce 47


state 78
	sentencia : INPUT list . ';'  (34)
	list : list . ',' expresion  (72)

	';'  shift 121
	','  shift 122
	.  error


state 79
	expresion : expresion . '[' expresion ']'  (52)
	expresion : expresion . '.' ID  (53)
	expresion : expresion . '*' expresion  (57)
	expresion : expresion . '/' expresion  (58)
	expresion : expresion . '%' expresion  (59)
	expresion : expresion . '+' expresion  (60)
	expresion : expresion . '-' expresion  (61)
	expresion : expresion . '>' expresion  (62)
	expresion : expresion . GREATER expresion  (63)
	expresion : expresion . '<' expresion  (64)
	expresion : expresion . SMALLER expresion  (65)
	expresion : expresion . NEGATION expresion  (66)
	expresion : expresion . EQUALS expresion  (67)
	expresion : expresion . AND expresion  (68)
	expresion : expresion . OR expresion  (69)
	list : expresion .  (71)

	GREATER  shift 95
	SMALLER  shift 96
	EQUALS  shift 97
	NEGATION  shift 98
	OR  shift 99
	AND  shift 100
	'<'  shift 108
	'>'  shift 109
	'-'  shift 110
	'+'  shift 111
	'*'  shift 112
	'/'  shift 113
	'%'  shift 114
	'.'  shift 115
	'['  shift 116
	';'  reduce 71
	','  reduce 71


state 80
	sentencia : PRINT list . ';'  (33)
	list : list . ',' expresion  (72)

	';'  shift 123
	','  shift 122
	.  error


state 81
	expresion : expresion . '[' expresion ']'  (52)
	expresion : expresion . '.' ID  (53)
	expresion : expresion . '*' expresion  (57)
	expresion : expresion . '/' expresion  (58)
	expresion : expresion . '%' expresion  (59)
	expresion : expresion . '+' expresion  (60)
	expresion : expresion . '-' expresion  (61)
	expresion : expresion . '>' expresion  (62)
	expresion : expresion . GREATER expresion  (63)
	expresion : expresion . '<' expresion  (64)
	expresion : expresion . SMALLER expresion  (65)
	expresion : expresion . NEGATION expresion  (66)
	expresion : expresion . EQUALS expresion  (67)
	expresion : expresion . AND expresion  (68)
	expresion : expresion . OR expresion  (69)
	while : WHILE expresion . ':' '{' sentencias '}'  (75)

	GREATER  shift 95
	SMALLER  shift 96
	EQUALS  shift 97
	NEGATION  shift 98
	OR  shift 99
	AND  shift 100
	'<'  shift 108
	'>'  shift 109
	'-'  shift 110
	'+'  shift 111
	'*'  shift 112
	'/'  shift 113
	'%'  shift 114
	'.'  shift 115
	'['  shift 116
	':'  shift 124
	.  error


state 82
	expresion : expresion . '[' expresion ']'  (52)
	expresion : expresion . '.' ID  (53)
	expresion : expresion . '*' expresion  (57)
	expresion : expresion . '/' expresion  (58)
	expresion : expresion . '%' expresion  (59)
	expresion : expresion . '+' expresion  (60)
	expresion : expresion . '-' expresion  (61)
	expresion : expresion . '>' expresion  (62)
	expresion : expresion . GREATER expresion  (63)
	expresion : expresion . '<' expresion  (64)
	expresion : expresion . SMALLER expresion  (65)
	expresion : expresion . NEGATION expresion  (66)
	expresion : expresion . EQUALS expresion  (67)
	expresion : expresion . AND expresion  (68)
	expresion : expresion . OR expresion  (69)
	condicionalSimple : IF expresion . ':' cuerpo  (76)
	condicionalComplejo : IF expresion . ':' cuerpo else  (77)

	GREATER  shift 95
	SMALLER  shift 96
	EQUALS  shift 97
	NEGATION  shift 98
	OR  shift 99
	AND  shift 100
	'<'  shift 108
	'>'  shift 109
	'-'  shift 110
	'+'  shift 111
	'*'  shift 112
	'/'  shift 113
	'%'  shift 114
	'.'  shift 115
	'['  shift 116
	':'  shift 125
	.  error


state 83
	sentencia : RETURN expresion . ';'  (35)
	expresion : expresion . '[' expresion ']'  (52)
	expresion : expresion . '.' ID  (53)
	expresion : expresion . '*' expresion  (57)
	expresion : expresion . '/' expresion  (58)
	expresion : expresion . '%' expresion  (59)
	expresion : expresion . '+' expresion  (60)
	expresion : expresion . '-' expresion  (61)
	expresion : expresion . '>' expresion  (62)
	expresion : expresion . GREATER expresion  (63)
	expresion : expresion . '<' expresion  (64)
	expresion : expresion . SMALLER expresion  (65)
	expresion : expresion . NEGATION expresion  (66)
	expresion : expresion . EQUALS expresion  (67)
	expresion : expresion . AND expresion  (68)
	expresion : expresion . OR expresion  (69)

	GREATER  shift 95
	SMALLER  shift 96
	EQUALS  shift 97
	NEGATION  shift 98
	OR  shift 99
	AND  shift 100
	'<'  shift 108
	'>'  shift 109
	'-'  shift 110
	'+'  shift 111
	'*'  shift 112
	'/'  shift 113
	'%'  shift 114
	'.'  shift 115
	'['  shift 116
	';'  shift 126
	.  error


state 84
	expresion : ID '(' . args ')'  (70)
	invocacion : ID '(' . args ')'  (74)
	args : .  (81)

	INT_CONSTANT  shift 52
	ID  shift 77
	REAL_CONSTANT  shift 59
	CHAR_CONSTANT  shift 60
	'-'  shift 61
	'!'  shift 62
	'('  shift 63
	')'  reduce 81

	expresion  goto 127
	args  goto 128
	arg  goto 129


state 85
	expresion : expresion . '[' expresion ']'  (52)
	expresion : expresion . '.' ID  (53)
	expresion : '-' expresion .  (55)
	expresion : expresion . '*' expresion  (57)
	expresion : expresion . '/' expresion  (58)
	expresion : expresion . '%' expresion  (59)
	expresion : expresion . '+' expresion  (60)
	expresion : expresion . '-' expresion  (61)
	expresion : expresion . '>' expresion  (62)
	expresion : expresion . GREATER expresion  (63)
	expresion : expresion . '<' expresion  (64)
	expresion : expresion . SMALLER expresion  (65)
	expresion : expresion . NEGATION expresion  (66)
	expresion : expresion . EQUALS expresion  (67)
	expresion : expresion . AND expresion  (68)
	expresion : expresion . OR expresion  (69)

	'.'  shift 115
	'['  shift 116
	GREATER  reduce 55
	SMALLER  reduce 55
	EQUALS  reduce 55
	NEGATION  reduce 55
	OR  reduce 55
	AND  reduce 55
	INCREMENT  reduce 55
	DECREMENT  reduce 55
	INCREMENT_ASSIGMENT  reduce 55
	DECREMENT_ASSIGMENT  reduce 55
	MUL_ASSIGMENT  reduce 55
	DIV_ASSIGMENT  reduce 55
	'='  reduce 55
	'<'  reduce 55
	'>'  reduce 55
	'-'  reduce 55
	'+'  reduce 55
	'*'  reduce 55
	'/'  reduce 55
	'%'  reduce 55
	']'  reduce 55
	')'  reduce 55
	':'  reduce 55
	';'  reduce 55
	','  reduce 55


state 86
	expresion : expresion . '[' expresion ']'  (52)
	expresion : expresion . '.' ID  (53)
	expresion : '!' expresion .  (56)
	expresion : expresion . '*' expresion  (57)
	expresion : expresion . '/' expresion  (58)
	expresion : expresion . '%' expresion  (59)
	expresion : expresion . '+' expresion  (60)
	expresion : expresion . '-' expresion  (61)
	expresion : expresion . '>' expresion  (62)
	expresion : expresion . GREATER expresion  (63)
	expresion : expresion . '<' expresion  (64)
	expresion : expresion . SMALLER expresion  (65)
	expresion : expresion . NEGATION expresion  (66)
	expresion : expresion . EQUALS expresion  (67)
	expresion : expresion . AND expresion  (68)
	expresion : expresion . OR expresion  (69)

	'.'  shift 115
	'['  shift 116
	GREATER  reduce 56
	SMALLER  reduce 56
	EQUALS  reduce 56
	NEGATION  reduce 56
	OR  reduce 56
	AND  reduce 56
	INCREMENT  reduce 56
	DECREMENT  reduce 56
	INCREMENT_ASSIGMENT  reduce 56
	DECREMENT_ASSIGMENT  reduce 56
	MUL_ASSIGMENT  reduce 56
	DIV_ASSIGMENT  reduce 56
	'='  reduce 56
	'<'  reduce 56
	'>'  reduce 56
	'-'  reduce 56
	'+'  reduce 56
	'*'  reduce 56
	'/'  reduce 56
	'%'  reduce 56
	']'  reduce 56
	')'  reduce 56
	':'  reduce 56
	';'  reduce 56
	','  reduce 56


state 87
	expresion : '(' tipo . ')' expresion  (54)

	')'  shift 130
	.  error


state 88
	expresion : '(' expresion . ')'  (51)
	expresion : expresion . '[' expresion ']'  (52)
	expresion : expresion . '.' ID  (53)
	expresion : expresion . '*' expresion  (57)
	expresion : expresion . '/' expresion  (58)
	expresion : expresion . '%' expresion  (59)
	expresion : expresion . '+' expresion  (60)
	expresion : expresion . '-' expresion  (61)
	expresion : expresion . '>' expresion  (62)
	expresion : expresion . GREATER expresion  (63)
	expresion : expresion . '<' expresion  (64)
	expresion : expresion . SMALLER expresion  (65)
	expresion : expresion . NEGATION expresion  (66)
	expresion : expresion . EQUALS expresion  (67)
	expresion : expresion . AND expresion  (68)
	expresion : expresion . OR expresion  (69)

	GREATER  shift 95
	SMALLER  shift 96
	EQUALS  shift 97
	NEGATION  shift 98
	OR  shift 99
	AND  shift 100
	'<'  shift 108
	'>'  shift 109
	'-'  shift 110
	'+'  shift 111
	'*'  shift 112
	'/'  shift 113
	'%'  shift 114
	'.'  shift 115
	'['  shift 116
	')'  shift 131
	.  error


state 89
	programa : definiciones DEF MAIN '(' ')' ':' VOID '{' body '}' .  (1)

	.  reduce 1


state 90
	defs : def ';' .  (18)

	.  reduce 18


state 91
	defs : defs def . ';'  (19)

	';'  shift 132
	.  error


state 92
	body : defs sentencias .  (11)
	sentencias : sentencias . sentencia  (32)

	INT_CONSTANT  shift 52
	INPUT  shift 53
	PRINT  shift 54
	WHILE  shift 55
	IF  shift 56
	RETURN  shift 57
	ID  shift 93
	REAL_CONSTANT  shift 59
	CHAR_CONSTANT  shift 60
	'-'  shift 61
	'!'  shift 62
	'('  shift 63
	'}'  reduce 11

	sentencia  goto 94
	expresion  goto 69
	condicionalSimple  goto 70
	condicionalComplejo  goto 71
	while  goto 72
	asignacion  goto 73
	invocacion  goto 74


state 93
	expresion : ID .  (47)
	expresion : ID . '(' args ')'  (70)
	invocacion : ID . '(' args ')'  (74)

	'('  shift 84
	GREATER  reduce 47
	SMALLER  reduce 47
	EQUALS  reduce 47
	NEGATION  reduce 47
	OR  reduce 47
	AND  reduce 47
	INCREMENT  reduce 47
	DECREMENT  reduce 47
	INCREMENT_ASSIGMENT  reduce 47
	DECREMENT_ASSIGMENT  reduce 47
	MUL_ASSIGMENT  reduce 47
	DIV_ASSIGMENT  reduce 47
	'='  reduce 47
	'<'  reduce 47
	'>'  reduce 47
	'-'  reduce 47
	'+'  reduce 47
	'*'  reduce 47
	'/'  reduce 47
	'%'  reduce 47
	'.'  reduce 47
	'['  reduce 47


state 94
	sentencias : sentencias sentencia .  (32)

	.  reduce 32


state 95
	expresion : expresion GREATER . expresion  (63)

	INT_CONSTANT  shift 52
	ID  shift 77
	REAL_CONSTANT  shift 59
	CHAR_CONSTANT  shift 60
	'-'  shift 61
	'!'  shift 62
	'('  shift 63
	.  error

	expresion  goto 133


state 96
	expresion : expresion SMALLER . expresion  (65)

	INT_CONSTANT  shift 52
	ID  shift 77
	REAL_CONSTANT  shift 59
	CHAR_CONSTANT  shift 60
	'-'  shift 61
	'!'  shift 62
	'('  shift 63
	.  error

	expresion  goto 134


state 97
	expresion : expresion EQUALS . expresion  (67)

	INT_CONSTANT  shift 52
	ID  shift 77
	REAL_CONSTANT  shift 59
	CHAR_CONSTANT  shift 60
	'-'  shift 61
	'!'  shift 62
	'('  shift 63
	.  error

	expresion  goto 135


state 98
	expresion : expresion NEGATION . expresion  (66)

	INT_CONSTANT  shift 52
	ID  shift 77
	REAL_CONSTANT  shift 59
	CHAR_CONSTANT  shift 60
	'-'  shift 61
	'!'  shift 62
	'('  shift 63
	.  error

	expresion  goto 136


state 99
	expresion : expresion OR . expresion  (69)

	INT_CONSTANT  shift 52
	ID  shift 77
	REAL_CONSTANT  shift 59
	CHAR_CONSTANT  shift 60
	'-'  shift 61
	'!'  shift 62
	'('  shift 63
	.  error

	expresion  goto 137


state 100
	expresion : expresion AND . expresion  (68)

	INT_CONSTANT  shift 52
	ID  shift 77
	REAL_CONSTANT  shift 59
	CHAR_CONSTANT  shift 60
	'-'  shift 61
	'!'  shift 62
	'('  shift 63
	.  error

	expresion  goto 138


state 101
	sentencia : expresion INCREMENT . ';'  (41)

	';'  shift 139
	.  error


state 102
	sentencia : expresion DECREMENT . ';'  (42)

	';'  shift 140
	.  error


state 103
	sentencia : expresion INCREMENT_ASSIGMENT . expresion ';'  (43)

	INT_CONSTANT  shift 52
	ID  shift 77
	REAL_CONSTANT  shift 59
	CHAR_CONSTANT  shift 60
	'-'  shift 61
	'!'  shift 62
	'('  shift 63
	.  error

	expresion  goto 141


state 104
	sentencia : expresion DECREMENT_ASSIGMENT . expresion ';'  (44)

	INT_CONSTANT  shift 52
	ID  shift 77
	REAL_CONSTANT  shift 59
	CHAR_CONSTANT  shift 60
	'-'  shift 61
	'!'  shift 62
	'('  shift 63
	.  error

	expresion  goto 142


state 105
	sentencia : expresion MUL_ASSIGMENT . expresion ';'  (45)

	INT_CONSTANT  shift 52
	ID  shift 77
	REAL_CONSTANT  shift 59
	CHAR_CONSTANT  shift 60
	'-'  shift 61
	'!'  shift 62
	'('  shift 63
	.  error

	expresion  goto 143


state 106
	sentencia : expresion DIV_ASSIGMENT . expresion ';'  (46)

	INT_CONSTANT  shift 52
	ID  shift 77
	REAL_CONSTANT  shift 59
	CHAR_CONSTANT  shift 60
	'-'  shift 61
	'!'  shift 62
	'('  shift 63
	.  error

	expresion  goto 144


state 107
	asignacion : expresion '=' . expresion  (73)

	INT_CONSTANT  shift 52
	ID  shift 77
	REAL_CONSTANT  shift 59
	CHAR_CONSTANT  shift 60
	'-'  shift 61
	'!'  shift 62
	'('  shift 63
	.  error

	expresion  goto 145


state 108
	expresion : expresion '<' . expresion  (64)

	INT_CONSTANT  shift 52
	ID  shift 77
	REAL_CONSTANT  shift 59
	CHAR_CONSTANT  shift 60
	'-'  shift 61
	'!'  shift 62
	'('  shift 63
	.  error

	expresion  goto 146


state 109
	expresion : expresion '>' . expresion  (62)

	INT_CONSTANT  shift 52
	ID  shift 77
	REAL_CONSTANT  shift 59
	CHAR_CONSTANT  shift 60
	'-'  shift 61
	'!'  shift 62
	'('  shift 63
	.  error

	expresion  goto 147


state 110
	expresion : expresion '-' . expresion  (61)

	INT_CONSTANT  shift 52
	ID  shift 77
	REAL_CONSTANT  shift 59
	CHAR_CONSTANT  shift 60
	'-'  shift 61
	'!'  shift 62
	'('  shift 63
	.  error

	expresion  goto 148


state 111
	expresion : expresion '+' . expresion  (60)

	INT_CONSTANT  shift 52
	ID  shift 77
	REAL_CONSTANT  shift 59
	CHAR_CONSTANT  shift 60
	'-'  shift 61
	'!'  shift 62
	'('  shift 63
	.  error

	expresion  goto 149


state 112
	expresion : expresion '*' . expresion  (57)

	INT_CONSTANT  shift 52
	ID  shift 77
	REAL_CONSTANT  shift 59
	CHAR_CONSTANT  shift 60
	'-'  shift 61
	'!'  shift 62
	'('  shift 63
	.  error

	expresion  goto 150


state 113
	expresion : expresion '/' . expresion  (58)

	INT_CONSTANT  shift 52
	ID  shift 77
	REAL_CONSTANT  shift 59
	CHAR_CONSTANT  shift 60
	'-'  shift 61
	'!'  shift 62
	'('  shift 63
	.  error

	expresion  goto 151


state 114
	expresion : expresion '%' . expresion  (59)

	INT_CONSTANT  shift 52
	ID  shift 77
	REAL_CONSTANT  shift 59
	CHAR_CONSTANT  shift 60
	'-'  shift 61
	'!'  shift 62
	'('  shift 63
	.  error

	expresion  goto 152


state 115
	expresion : expresion '.' . ID  (53)

	ID  shift 153
	.  error


state 116
	expresion : expresion '[' . expresion ']'  (52)

	INT_CONSTANT  shift 52
	ID  shift 77
	REAL_CONSTANT  shift 59
	CHAR_CONSTANT  shift 60
	'-'  shift 61
	'!'  shift 62
	'('  shift 63
	.  error

	expresion  goto 154


state 117
	sentencia : asignacion ';' .  (39)

	.  reduce 39


state 118
	sentencia : invocacion ';' .  (40)

	.  reduce 40


state 119
	funcion : DEF ID '(' params ')' ':' retorno '{' body '}' .  (6)

	.  reduce 6


state 120
	expresion : ID '(' . args ')'  (70)
	args : .  (81)

	INT_CONSTANT  shift 52
	ID  shift 77
	REAL_CONSTANT  shift 59
	CHAR_CONSTANT  shift 60
	'-'  shift 61
	'!'  shift 62
	'('  shift 63
	')'  reduce 81

	expresion  goto 127
	args  goto 155
	arg  goto 129


state 121
	sentencia : INPUT list ';' .  (34)

	.  reduce 34


state 122
	list : list ',' . expresion  (72)

	INT_CONSTANT  shift 52
	ID  shift 77
	REAL_CONSTANT  shift 59
	CHAR_CONSTANT  shift 60
	'-'  shift 61
	'!'  shift 62
	'('  shift 63
	.  error

	expresion  goto 156


state 123
	sentencia : PRINT list ';' .  (33)

	.  reduce 33


state 124
	while : WHILE expresion ':' . '{' sentencias '}'  (75)

	'{'  shift 157
	.  error


state 125
	condicionalSimple : IF expresion ':' . cuerpo  (76)
	condicionalComplejo : IF expresion ':' . cuerpo else  (77)

	INT_CONSTANT  shift 52
	INPUT  shift 53
	PRINT  shift 54
	WHILE  shift 55
	IF  shift 56
	RETURN  shift 57
	ID  shift 93
	REAL_CONSTANT  shift 59
	CHAR_CONSTANT  shift 60
	'-'  shift 61
	'!'  shift 62
	'('  shift 63
	'{'  shift 158
	.  error

	sentencia  goto 159
	expresion  goto 69
	condicionalSimple  goto 70
	condicionalComplejo  goto 71
	while  goto 72
	asignacion  goto 73
	invocacion  goto 74
	cuerpo  goto 160


state 126
	sentencia : RETURN expresion ';' .  (35)

	.  reduce 35


state 127
	expresion : expresion . '[' expresion ']'  (52)
	expresion : expresion . '.' ID  (53)
	expresion : expresion . '*' expresion  (57)
	expresion : expresion . '/' expresion  (58)
	expresion : expresion . '%' expresion  (59)
	expresion : expresion . '+' expresion  (60)
	expresion : expresion . '-' expresion  (61)
	expresion : expresion . '>' expresion  (62)
	expresion : expresion . GREATER expresion  (63)
	expresion : expresion . '<' expresion  (64)
	expresion : expresion . SMALLER expresion  (65)
	expresion : expresion . NEGATION expresion  (66)
	expresion : expresion . EQUALS expresion  (67)
	expresion : expresion . AND expresion  (68)
	expresion : expresion . OR expresion  (69)
	arg : expresion .  (83)

	GREATER  shift 95
	SMALLER  shift 96
	EQUALS  shift 97
	NEGATION  shift 98
	OR  shift 99
	AND  shift 100
	'<'  shift 108
	'>'  shift 109
	'-'  shift 110
	'+'  shift 111
	'*'  shift 112
	'/'  shift 113
	'%'  shift 114
	'.'  shift 115
	'['  shift 116
	')'  reduce 83
	','  reduce 83


state 128
	expresion : ID '(' args . ')'  (70)
	invocacion : ID '(' args . ')'  (74)

	')'  shift 161
	.  error


state 129
	args : arg .  (82)
	arg : arg . ',' expresion  (84)

	','  shift 162
	')'  reduce 82


state 130
	expresion : '(' tipo ')' . expresion  (54)

	INT_CONSTANT  shift 52
	ID  shift 77
	REAL_CONSTANT  shift 59
	CHAR_CONSTANT  shift 60
	'-'  shift 61
	'!'  shift 62
	'('  shift 63
	.  error

	expresion  goto 163


state 131
	expresion : '(' expresion ')' .  (51)

	.  reduce 51


state 132
	defs : defs def ';' .  (19)

	.  reduce 19


state 133
	expresion : expresion . '[' expresion ']'  (52)
	expresion : expresion . '.' ID  (53)
	expresion : expresion . '*' expresion  (57)
	expresion : expresion . '/' expresion  (58)
	expresion : expresion . '%' expresion  (59)
	expresion : expresion . '+' expresion  (60)
	expresion : expresion . '-' expresion  (61)
	expresion : expresion . '>' expresion  (62)
	expresion : expresion . GREATER expresion  (63)
	expresion : expresion GREATER expresion .  (63)
	expresion : expresion . '<' expresion  (64)
	expresion : expresion . SMALLER expresion  (65)
	expresion : expresion . NEGATION expresion  (66)
	expresion : expresion . EQUALS expresion  (67)
	expresion : expresion . AND expresion  (68)
	expresion : expresion . OR expresion  (69)

	'-'  shift 110
	'+'  shift 111
	'*'  shift 112
	'/'  shift 113
	'%'  shift 114
	'.'  shift 115
	'['  shift 116
	GREATER  reduce 63
	SMALLER  reduce 63
	EQUALS  reduce 63
	NEGATION  reduce 63
	OR  reduce 63
	AND  reduce 63
	INCREMENT  reduce 63
	DECREMENT  reduce 63
	INCREMENT_ASSIGMENT  reduce 63
	DECREMENT_ASSIGMENT  reduce 63
	MUL_ASSIGMENT  reduce 63
	DIV_ASSIGMENT  reduce 63
	'='  reduce 63
	'<'  reduce 63
	'>'  reduce 63
	']'  reduce 63
	')'  reduce 63
	':'  reduce 63
	';'  reduce 63
	','  reduce 63


state 134
	expresion : expresion . '[' expresion ']'  (52)
	expresion : expresion . '.' ID  (53)
	expresion : expresion . '*' expresion  (57)
	expresion : expresion . '/' expresion  (58)
	expresion : expresion . '%' expresion  (59)
	expresion : expresion . '+' expresion  (60)
	expresion : expresion . '-' expresion  (61)
	expresion : expresion . '>' expresion  (62)
	expresion : expresion . GREATER expresion  (63)
	expresion : expresion . '<' expresion  (64)
	expresion : expresion . SMALLER expresion  (65)
	expresion : expresion SMALLER expresion .  (65)
	expresion : expresion . NEGATION expresion  (66)
	expresion : expresion . EQUALS expresion  (67)
	expresion : expresion . AND expresion  (68)
	expresion : expresion . OR expresion  (69)

	'-'  shift 110
	'+'  shift 111
	'*'  shift 112
	'/'  shift 113
	'%'  shift 114
	'.'  shift 115
	'['  shift 116
	GREATER  reduce 65
	SMALLER  reduce 65
	EQUALS  reduce 65
	NEGATION  reduce 65
	OR  reduce 65
	AND  reduce 65
	INCREMENT  reduce 65
	DECREMENT  reduce 65
	INCREMENT_ASSIGMENT  reduce 65
	DECREMENT_ASSIGMENT  reduce 65
	MUL_ASSIGMENT  reduce 65
	DIV_ASSIGMENT  reduce 65
	'='  reduce 65
	'<'  reduce 65
	'>'  reduce 65
	']'  reduce 65
	')'  reduce 65
	':'  reduce 65
	';'  reduce 65
	','  reduce 65


state 135
	expresion : expresion . '[' expresion ']'  (52)
	expresion : expresion . '.' ID  (53)
	expresion : expresion . '*' expresion  (57)
	expresion : expresion . '/' expresion  (58)
	expresion : expresion . '%' expresion  (59)
	expresion : expresion . '+' expresion  (60)
	expresion : expresion . '-' expresion  (61)
	expresion : expresion . '>' expresion  (62)
	expresion : expresion . GREATER expresion  (63)
	expresion : expresion . '<' expresion  (64)
	expresion : expresion . SMALLER expresion  (65)
	expresion : expresion . NEGATION expresion  (66)
	expresion : expresion . EQUALS expresion  (67)
	expresion : expresion EQUALS expresion .  (67)
	expresion : expresion . AND expresion  (68)
	expresion : expresion . OR expresion  (69)

	'-'  shift 110
	'+'  shift 111
	'*'  shift 112
	'/'  shift 113
	'%'  shift 114
	'.'  shift 115
	'['  shift 116
	GREATER  reduce 67
	SMALLER  reduce 67
	EQUALS  reduce 67
	NEGATION  reduce 67
	OR  reduce 67
	AND  reduce 67
	INCREMENT  reduce 67
	DECREMENT  reduce 67
	INCREMENT_ASSIGMENT  reduce 67
	DECREMENT_ASSIGMENT  reduce 67
	MUL_ASSIGMENT  reduce 67
	DIV_ASSIGMENT  reduce 67
	'='  reduce 67
	'<'  reduce 67
	'>'  reduce 67
	']'  reduce 67
	')'  reduce 67
	':'  reduce 67
	';'  reduce 67
	','  reduce 67


state 136
	expresion : expresion . '[' expresion ']'  (52)
	expresion : expresion . '.' ID  (53)
	expresion : expresion . '*' expresion  (57)
	expresion : expresion . '/' expresion  (58)
	expresion : expresion . '%' expresion  (59)
	expresion : expresion . '+' expresion  (60)
	expresion : expresion . '-' expresion  (61)
	expresion : expresion . '>' expresion  (62)
	expresion : expresion . GREATER expresion  (63)
	expresion : expresion . '<' expresion  (64)
	expresion : expresion . SMALLER expresion  (65)
	expresion : expresion . NEGATION expresion  (66)
	expresion : expresion NEGATION expresion .  (66)
	expresion : expresion . EQUALS expresion  (67)
	expresion : expresion . AND expresion  (68)
	expresion : expresion . OR expresion  (69)

	'-'  shift 110
	'+'  shift 111
	'*'  shift 112
	'/'  shift 113
	'%'  shift 114
	'.'  shift 115
	'['  shift 116
	GREATER  reduce 66
	SMALLER  reduce 66
	EQUALS  reduce 66
	NEGATION  reduce 66
	OR  reduce 66
	AND  reduce 66
	INCREMENT  reduce 66
	DECREMENT  reduce 66
	INCREMENT_ASSIGMENT  reduce 66
	DECREMENT_ASSIGMENT  reduce 66
	MUL_ASSIGMENT  reduce 66
	DIV_ASSIGMENT  reduce 66
	'='  reduce 66
	'<'  reduce 66
	'>'  reduce 66
	']'  reduce 66
	')'  reduce 66
	':'  reduce 66
	';'  reduce 66
	','  reduce 66


state 137
	expresion : expresion . '[' expresion ']'  (52)
	expresion : expresion . '.' ID  (53)
	expresion : expresion . '*' expresion  (57)
	expresion : expresion . '/' expresion  (58)
	expresion : expresion . '%' expresion  (59)
	expresion : expresion . '+' expresion  (60)
	expresion : expresion . '-' expresion  (61)
	expresion : expresion . '>' expresion  (62)
	expresion : expresion . GREATER expresion  (63)
	expresion : expresion . '<' expresion  (64)
	expresion : expresion . SMALLER expresion  (65)
	expresion : expresion . NEGATION expresion  (66)
	expresion : expresion . EQUALS expresion  (67)
	expresion : expresion . AND expresion  (68)
	expresion : expresion . OR expresion  (69)
	expresion : expresion OR expresion .  (69)

	GREATER  shift 95
	SMALLER  shift 96
	EQUALS  shift 97
	NEGATION  shift 98
	'<'  shift 108
	'>'  shift 109
	'-'  shift 110
	'+'  shift 111
	'*'  shift 112
	'/'  shift 113
	'%'  shift 114
	'.'  shift 115
	'['  shift 116
	OR  reduce 69
	AND  reduce 69
	INCREMENT  reduce 69
	DECREMENT  reduce 69
	INCREMENT_ASSIGMENT  reduce 69
	DECREMENT_ASSIGMENT  reduce 69
	MUL_ASSIGMENT  reduce 69
	DIV_ASSIGMENT  reduce 69
	'='  reduce 69
	']'  reduce 69
	')'  reduce 69
	':'  reduce 69
	';'  reduce 69
	','  reduce 69


state 138
	expresion : expresion . '[' expresion ']'  (52)
	expresion : expresion . '.' ID  (53)
	expresion : expresion . '*' expresion  (57)
	expresion : expresion . '/' expresion  (58)
	expresion : expresion . '%' expresion  (59)
	expresion : expresion . '+' expresion  (60)
	expresion : expresion . '-' expresion  (61)
	expresion : expresion . '>' expresion  (62)
	expresion : expresion . GREATER expresion  (63)
	expresion : expresion . '<' expresion  (64)
	expresion : expresion . SMALLER expresion  (65)
	expresion : expresion . NEGATION expresion  (66)
	expresion : expresion . EQUALS expresion  (67)
	expresion : expresion . AND expresion  (68)
	expresion : expresion AND expresion .  (68)
	expresion : expresion . OR expresion  (69)

	GREATER  shift 95
	SMALLER  shift 96
	EQUALS  shift 97
	NEGATION  shift 98
	'<'  shift 108
	'>'  shift 109
	'-'  shift 110
	'+'  shift 111
	'*'  shift 112
	'/'  shift 113
	'%'  shift 114
	'.'  shift 115
	'['  shift 116
	OR  reduce 68
	AND  reduce 68
	INCREMENT  reduce 68
	DECREMENT  reduce 68
	INCREMENT_ASSIGMENT  reduce 68
	DECREMENT_ASSIGMENT  reduce 68
	MUL_ASSIGMENT  reduce 68
	DIV_ASSIGMENT  reduce 68
	'='  reduce 68
	']'  reduce 68
	')'  reduce 68
	':'  reduce 68
	';'  reduce 68
	','  reduce 68


state 139
	sentencia : expresion INCREMENT ';' .  (41)

	.  reduce 41


state 140
	sentencia : expresion DECREMENT ';' .  (42)

	.  reduce 42


state 141
	sentencia : expresion INCREMENT_ASSIGMENT expresion . ';'  (43)
	expresion : expresion . '[' expresion ']'  (52)
	expresion : expresion . '.' ID  (53)
	expresion : expresion . '*' expresion  (57)
	expresion : expresion . '/' expresion  (58)
	expresion : expresion . '%' expresion  (59)
	expresion : expresion . '+' expresion  (60)
	expresion : expresion . '-' expresion  (61)
	expresion : expresion . '>' expresion  (62)
	expresion : expresion . GREATER expresion  (63)
	expresion : expresion . '<' expresion  (64)
	expresion : expresion . SMALLER expresion  (65)
	expresion : expresion . NEGATION expresion  (66)
	expresion : expresion . EQUALS expresion  (67)
	expresion : expresion . AND expresion  (68)
	expresion : expresion . OR expresion  (69)

	GREATER  shift 95
	SMALLER  shift 96
	EQUALS  shift 97
	NEGATION  shift 98
	OR  shift 99
	AND  shift 100
	'<'  shift 108
	'>'  shift 109
	'-'  shift 110
	'+'  shift 111
	'*'  shift 112
	'/'  shift 113
	'%'  shift 114
	'.'  shift 115
	'['  shift 116
	';'  shift 164
	.  error


state 142
	sentencia : expresion DECREMENT_ASSIGMENT expresion . ';'  (44)
	expresion : expresion . '[' expresion ']'  (52)
	expresion : expresion . '.' ID  (53)
	expresion : expresion . '*' expresion  (57)
	expresion : expresion . '/' expresion  (58)
	expresion : expresion . '%' expresion  (59)
	expresion : expresion . '+' expresion  (60)
	expresion : expresion . '-' expresion  (61)
	expresion : expresion . '>' expresion  (62)
	expresion : expresion . GREATER expresion  (63)
	expresion : expresion . '<' expresion  (64)
	expresion : expresion . SMALLER expresion  (65)
	expresion : expresion . NEGATION expresion  (66)
	expresion : expresion . EQUALS expresion  (67)
	expresion : expresion . AND expresion  (68)
	expresion : expresion . OR expresion  (69)

	GREATER  shift 95
	SMALLER  shift 96
	EQUALS  shift 97
	NEGATION  shift 98
	OR  shift 99
	AND  shift 100
	'<'  shift 108
	'>'  shift 109
	'-'  shift 110
	'+'  shift 111
	'*'  shift 112
	'/'  shift 113
	'%'  shift 114
	'.'  shift 115
	'['  shift 116
	';'  shift 165
	.  error


state 143
	sentencia : expresion MUL_ASSIGMENT expresion . ';'  (45)
	expresion : expresion . '[' expresion ']'  (52)
	expresion : expresion . '.' ID  (53)
	expresion : expresion . '*' expresion  (57)
	expresion : expresion . '/' expresion  (58)
	expresion : expresion . '%' expresion  (59)
	expresion : expresion . '+' expresion  (60)
	expresion : expresion . '-' expresion  (61)
	expresion : expresion . '>' expresion  (62)
	expresion : expresion . GREATER expresion  (63)
	expresion : expresion . '<' expresion  (64)
	expresion : expresion . SMALLER expresion  (65)
	expresion : expresion . NEGATION expresion  (66)
	expresion : expresion . EQUALS expresion  (67)
	expresion : expresion . AND expresion  (68)
	expresion : expresion . OR expresion  (69)

	GREATER  shift 95
	SMALLER  shift 96
	EQUALS  shift 97
	NEGATION  shift 98
	OR  shift 99
	AND  shift 100
	'<'  shift 108
	'>'  shift 109
	'-'  shift 110
	'+'  shift 111
	'*'  shift 112
	'/'  shift 113
	'%'  shift 114
	'.'  shift 115
	'['  shift 116
	';'  shift 166
	.  error


state 144
	sentencia : expresion DIV_ASSIGMENT expresion . ';'  (46)
	expresion : expresion . '[' expresion ']'  (52)
	expresion : expresion . '.' ID  (53)
	expresion : expresion . '*' expresion  (57)
	expresion : expresion . '/' expresion  (58)
	expresion : expresion . '%' expresion  (59)
	expresion : expresion . '+' expresion  (60)
	expresion : expresion . '-' expresion  (61)
	expresion : expresion . '>' expresion  (62)
	expresion : expresion . GREATER expresion  (63)
	expresion : expresion . '<' expresion  (64)
	expresion : expresion . SMALLER expresion  (65)
	expresion : expresion . NEGATION expresion  (66)
	expresion : expresion . EQUALS expresion  (67)
	expresion : expresion . AND expresion  (68)
	expresion : expresion . OR expresion  (69)

	GREATER  shift 95
	SMALLER  shift 96
	EQUALS  shift 97
	NEGATION  shift 98
	OR  shift 99
	AND  shift 100
	'<'  shift 108
	'>'  shift 109
	'-'  shift 110
	'+'  shift 111
	'*'  shift 112
	'/'  shift 113
	'%'  shift 114
	'.'  shift 115
	'['  shift 116
	';'  shift 167
	.  error


state 145
	expresion : expresion . '[' expresion ']'  (52)
	expresion : expresion . '.' ID  (53)
	expresion : expresion . '*' expresion  (57)
	expresion : expresion . '/' expresion  (58)
	expresion : expresion . '%' expresion  (59)
	expresion : expresion . '+' expresion  (60)
	expresion : expresion . '-' expresion  (61)
	expresion : expresion . '>' expresion  (62)
	expresion : expresion . GREATER expresion  (63)
	expresion : expresion . '<' expresion  (64)
	expresion : expresion . SMALLER expresion  (65)
	expresion : expresion . NEGATION expresion  (66)
	expresion : expresion . EQUALS expresion  (67)
	expresion : expresion . AND expresion  (68)
	expresion : expresion . OR expresion  (69)
	asignacion : expresion '=' expresion .  (73)

	GREATER  shift 95
	SMALLER  shift 96
	EQUALS  shift 97
	NEGATION  shift 98
	OR  shift 99
	AND  shift 100
	'<'  shift 108
	'>'  shift 109
	'-'  shift 110
	'+'  shift 111
	'*'  shift 112
	'/'  shift 113
	'%'  shift 114
	'.'  shift 115
	'['  shift 116
	';'  reduce 73


state 146
	expresion : expresion . '[' expresion ']'  (52)
	expresion : expresion . '.' ID  (53)
	expresion : expresion . '*' expresion  (57)
	expresion : expresion . '/' expresion  (58)
	expresion : expresion . '%' expresion  (59)
	expresion : expresion . '+' expresion  (60)
	expresion : expresion . '-' expresion  (61)
	expresion : expresion . '>' expresion  (62)
	expresion : expresion . GREATER expresion  (63)
	expresion : expresion . '<' expresion  (64)
	expresion : expresion '<' expresion .  (64)
	expresion : expresion . SMALLER expresion  (65)
	expresion : expresion . NEGATION expresion  (66)
	expresion : expresion . EQUALS expresion  (67)
	expresion : expresion . AND expresion  (68)
	expresion : expresion . OR expresion  (69)

	'-'  shift 110
	'+'  shift 111
	'*'  shift 112
	'/'  shift 113
	'%'  shift 114
	'.'  shift 115
	'['  shift 116
	GREATER  reduce 64
	SMALLER  reduce 64
	EQUALS  reduce 64
	NEGATION  reduce 64
	OR  reduce 64
	AND  reduce 64
	INCREMENT  reduce 64
	DECREMENT  reduce 64
	INCREMENT_ASSIGMENT  reduce 64
	DECREMENT_ASSIGMENT  reduce 64
	MUL_ASSIGMENT  reduce 64
	DIV_ASSIGMENT  reduce 64
	'='  reduce 64
	'<'  reduce 64
	'>'  reduce 64
	']'  reduce 64
	')'  reduce 64
	':'  reduce 64
	';'  reduce 64
	','  reduce 64


state 147
	expresion : expresion . '[' expresion ']'  (52)
	expresion : expresion . '.' ID  (53)
	expresion : expresion . '*' expresion  (57)
	expresion : expresion . '/' expresion  (58)
	expresion : expresion . '%' expresion  (59)
	expresion : expresion . '+' expresion  (60)
	expresion : expresion . '-' expresion  (61)
	expresion : expresion . '>' expresion  (62)
	expresion : expresion '>' expresion .  (62)
	expresion : expresion . GREATER expresion  (63)
	expresion : expresion . '<' expresion  (64)
	expresion : expresion . SMALLER expresion  (65)
	expresion : expresion . NEGATION expresion  (66)
	expresion : expresion . EQUALS expresion  (67)
	expresion : expresion . AND expresion  (68)
	expresion : expresion . OR expresion  (69)

	'-'  shift 110
	'+'  shift 111
	'*'  shift 112
	'/'  shift 113
	'%'  shift 114
	'.'  shift 115
	'['  shift 116
	GREATER  reduce 62
	SMALLER  reduce 62
	EQUALS  reduce 62
	NEGATION  reduce 62
	OR  reduce 62
	AND  reduce 62
	INCREMENT  reduce 62
	DECREMENT  reduce 62
	INCREMENT_ASSIGMENT  reduce 62
	DECREMENT_ASSIGMENT  reduce 62
	MUL_ASSIGMENT  reduce 62
	DIV_ASSIGMENT  reduce 62
	'='  reduce 62
	'<'  reduce 62
	'>'  reduce 62
	']'  reduce 62
	')'  reduce 62
	':'  reduce 62
	';'  reduce 62
	','  reduce 62


state 148
	expresion : expresion . '[' expresion ']'  (52)
	expresion : expresion . '.' ID  (53)
	expresion : expresion . '*' expresion  (57)
	expresion : expresion . '/' expresion  (58)
	expresion : expresion . '%' expresion  (59)
	expresion : expresion . '+' expresion  (60)
	expresion : expresion . '-' expresion  (61)
	expresion : expresion '-' expresion .  (61)
	expresion : expresion . '>' expresion  (62)
	expresion : expresion . GREATER expresion  (63)
	expresion : expresion . '<' expresion  (64)
	expresion : expresion . SMALLER expresion  (65)
	expresion : expresion . NEGATION expresion  (66)
	expresion : expresion . EQUALS expresion  (67)
	expresion : expresion . AND expresion  (68)
	expresion : expresion . OR expresion  (69)

	'*'  shift 112
	'/'  shift 113
	'%'  shift 114
	'.'  shift 115
	'['  shift 116
	GREATER  reduce 61
	SMALLER  reduce 61
	EQUALS  reduce 61
	NEGATION  reduce 61
	OR  reduce 61
	AND  reduce 61
	INCREMENT  reduce 61
	DECREMENT  reduce 61
	INCREMENT_ASSIGMENT  reduce 61
	DECREMENT_ASSIGMENT  reduce 61
	MUL_ASSIGMENT  reduce 61
	DIV_ASSIGMENT  reduce 61
	'='  reduce 61
	'<'  reduce 61
	'>'  reduce 61
	'-'  reduce 61
	'+'  reduce 61
	']'  reduce 61
	')'  reduce 61
	':'  reduce 61
	';'  reduce 61
	','  reduce 61


state 149
	expresion : expresion . '[' expresion ']'  (52)
	expresion : expresion . '.' ID  (53)
	expresion : expresion . '*' expresion  (57)
	expresion : expresion . '/' expresion  (58)
	expresion : expresion . '%' expresion  (59)
	expresion : expresion . '+' expresion  (60)
	expresion : expresion '+' expresion .  (60)
	expresion : expresion . '-' expresion  (61)
	expresion : expresion . '>' expresion  (62)
	expresion : expresion . GREATER expresion  (63)
	expresion : expresion . '<' expresion  (64)
	expresion : expresion . SMALLER expresion  (65)
	expresion : expresion . NEGATION expresion  (66)
	expresion : expresion . EQUALS expresion  (67)
	expresion : expresion . AND expresion  (68)
	expresion : expresion . OR expresion  (69)

	'*'  shift 112
	'/'  shift 113
	'%'  shift 114
	'.'  shift 115
	'['  shift 116
	GREATER  reduce 60
	SMALLER  reduce 60
	EQUALS  reduce 60
	NEGATION  reduce 60
	OR  reduce 60
	AND  reduce 60
	INCREMENT  reduce 60
	DECREMENT  reduce 60
	INCREMENT_ASSIGMENT  reduce 60
	DECREMENT_ASSIGMENT  reduce 60
	MUL_ASSIGMENT  reduce 60
	DIV_ASSIGMENT  reduce 60
	'='  reduce 60
	'<'  reduce 60
	'>'  reduce 60
	'-'  reduce 60
	'+'  reduce 60
	']'  reduce 60
	')'  reduce 60
	':'  reduce 60
	';'  reduce 60
	','  reduce 60


state 150
	expresion : expresion . '[' expresion ']'  (52)
	expresion : expresion . '.' ID  (53)
	expresion : expresion . '*' expresion  (57)
	expresion : expresion '*' expresion .  (57)
	expresion : expresion . '/' expresion  (58)
	expresion : expresion . '%' expresion  (59)
	expresion : expresion . '+' expresion  (60)
	expresion : expresion . '-' expresion  (61)
	expresion : expresion . '>' expresion  (62)
	expresion : expresion . GREATER expresion  (63)
	expresion : expresion . '<' expresion  (64)
	expresion : expresion . SMALLER expresion  (65)
	expresion : expresion . NEGATION expresion  (66)
	expresion : expresion . EQUALS expresion  (67)
	expresion : expresion . AND expresion  (68)
	expresion : expresion . OR expresion  (69)

	'.'  shift 115
	'['  shift 116
	GREATER  reduce 57
	SMALLER  reduce 57
	EQUALS  reduce 57
	NEGATION  reduce 57
	OR  reduce 57
	AND  reduce 57
	INCREMENT  reduce 57
	DECREMENT  reduce 57
	INCREMENT_ASSIGMENT  reduce 57
	DECREMENT_ASSIGMENT  reduce 57
	MUL_ASSIGMENT  reduce 57
	DIV_ASSIGMENT  reduce 57
	'='  reduce 57
	'<'  reduce 57
	'>'  reduce 57
	'-'  reduce 57
	'+'  reduce 57
	'*'  reduce 57
	'/'  reduce 57
	'%'  reduce 57
	']'  reduce 57
	')'  reduce 57
	':'  reduce 57
	';'  reduce 57
	','  reduce 57


state 151
	expresion : expresion . '[' expresion ']'  (52)
	expresion : expresion . '.' ID  (53)
	expresion : expresion . '*' expresion  (57)
	expresion : expresion . '/' expresion  (58)
	expresion : expresion '/' expresion .  (58)
	expresion : expresion . '%' expresion  (59)
	expresion : expresion . '+' expresion  (60)
	expresion : expresion . '-' expresion  (61)
	expresion : expresion . '>' expresion  (62)
	expresion : expresion . GREATER expresion  (63)
	expresion : expresion . '<' expresion  (64)
	expresion : expresion . SMALLER expresion  (65)
	expresion : expresion . NEGATION expresion  (66)
	expresion : expresion . EQUALS expresion  (67)
	expresion : expresion . AND expresion  (68)
	expresion : expresion . OR expresion  (69)

	'.'  shift 115
	'['  shift 116
	GREATER  reduce 58
	SMALLER  reduce 58
	EQUALS  reduce 58
	NEGATION  reduce 58
	OR  reduce 58
	AND  reduce 58
	INCREMENT  reduce 58
	DECREMENT  reduce 58
	INCREMENT_ASSIGMENT  reduce 58
	DECREMENT_ASSIGMENT  reduce 58
	MUL_ASSIGMENT  reduce 58
	DIV_ASSIGMENT  reduce 58
	'='  reduce 58
	'<'  reduce 58
	'>'  reduce 58
	'-'  reduce 58
	'+'  reduce 58
	'*'  reduce 58
	'/'  reduce 58
	'%'  reduce 58
	']'  reduce 58
	')'  reduce 58
	':'  reduce 58
	';'  reduce 58
	','  reduce 58


state 152
	expresion : expresion . '[' expresion ']'  (52)
	expresion : expresion . '.' ID  (53)
	expresion : expresion . '*' expresion  (57)
	expresion : expresion . '/' expresion  (58)
	expresion : expresion . '%' expresion  (59)
	expresion : expresion '%' expresion .  (59)
	expresion : expresion . '+' expresion  (60)
	expresion : expresion . '-' expresion  (61)
	expresion : expresion . '>' expresion  (62)
	expresion : expresion . GREATER expresion  (63)
	expresion : expresion . '<' expresion  (64)
	expresion : expresion . SMALLER expresion  (65)
	expresion : expresion . NEGATION expresion  (66)
	expresion : expresion . EQUALS expresion  (67)
	expresion : expresion . AND expresion  (68)
	expresion : expresion . OR expresion  (69)

	'.'  shift 115
	'['  shift 116
	GREATER  reduce 59
	SMALLER  reduce 59
	EQUALS  reduce 59
	NEGATION  reduce 59
	OR  reduce 59
	AND  reduce 59
	INCREMENT  reduce 59
	DECREMENT  reduce 59
	INCREMENT_ASSIGMENT  reduce 59
	DECREMENT_ASSIGMENT  reduce 59
	MUL_ASSIGMENT  reduce 59
	DIV_ASSIGMENT  reduce 59
	'='  reduce 59
	'<'  reduce 59
	'>'  reduce 59
	'-'  reduce 59
	'+'  reduce 59
	'*'  reduce 59
	'/'  reduce 59
	'%'  reduce 59
	']'  reduce 59
	')'  reduce 59
	':'  reduce 59
	';'  reduce 59
	','  reduce 59


state 153
	expresion : expresion '.' ID .  (53)

	.  reduce 53


state 154
	expresion : expresion . '[' expresion ']'  (52)
	expresion : expresion '[' expresion . ']'  (52)
	expresion : expresion . '.' ID  (53)
	expresion : expresion . '*' expresion  (57)
	expresion : expresion . '/' expresion  (58)
	expresion : expresion . '%' expresion  (59)
	expresion : expresion . '+' expresion  (60)
	expresion : expresion . '-' expresion  (61)
	expresion : expresion . '>' expresion  (62)
	expresion : expresion . GREATER expresion  (63)
	expresion : expresion . '<' expresion  (64)
	expresion : expresion . SMALLER expresion  (65)
	expresion : expresion . NEGATION expresion  (66)
	expresion : expresion . EQUALS expresion  (67)
	expresion : expresion . AND expresion  (68)
	expresion : expresion . OR expresion  (69)

	GREATER  shift 95
	SMALLER  shift 96
	EQUALS  shift 97
	NEGATION  shift 98
	OR  shift 99
	AND  shift 100
	'<'  shift 108
	'>'  shift 109
	'-'  shift 110
	'+'  shift 111
	'*'  shift 112
	'/'  shift 113
	'%'  shift 114
	'.'  shift 115
	'['  shift 116
	']'  shift 168
	.  error


state 155
	expresion : ID '(' args . ')'  (70)

	')'  shift 169
	.  error


state 156
	expresion : expresion . '[' expresion ']'  (52)
	expresion : expresion . '.' ID  (53)
	expresion : expresion . '*' expresion  (57)
	expresion : expresion . '/' expresion  (58)
	expresion : expresion . '%' expresion  (59)
	expresion : expresion . '+' expresion  (60)
	expresion : expresion . '-' expresion  (61)
	expresion : expresion . '>' expresion  (62)
	expresion : expresion . GREATER expresion  (63)
	expresion : expresion . '<' expresion  (64)
	expresion : expresion . SMALLER expresion  (65)
	expresion : expresion . NEGATION expresion  (66)
	expresion : expresion . EQUALS expresion  (67)
	expresion : expresion . AND expresion  (68)
	expresion : expresion . OR expresion  (69)
	list : list ',' expresion .  (72)

	GREATER  shift 95
	SMALLER  shift 96
	EQUALS  shift 97
	NEGATION  shift 98
	OR  shift 99
	AND  shift 100
	'<'  shift 108
	'>'  shift 109
	'-'  shift 110
	'+'  shift 111
	'*'  shift 112
	'/'  shift 113
	'%'  shift 114
	'.'  shift 115
	'['  shift 116
	';'  reduce 72
	','  reduce 72


state 157
	while : WHILE expresion ':' '{' . sentencias '}'  (75)

	INT_CONSTANT  shift 52
	INPUT  shift 53
	PRINT  shift 54
	WHILE  shift 55
	IF  shift 56
	RETURN  shift 57
	ID  shift 93
	REAL_CONSTANT  shift 59
	CHAR_CONSTANT  shift 60
	'-'  shift 61
	'!'  shift 62
	'('  shift 63
	.  error

	sentencias  goto 170
	sentencia  goto 68
	expresion  goto 69
	condicionalSimple  goto 70
	condicionalComplejo  goto 71
	while  goto 72
	asignacion  goto 73
	invocacion  goto 74


state 158
	cuerpo : '{' . sentencias '}'  (80)

	INT_CONSTANT  shift 52
	INPUT  shift 53
	PRINT  shift 54
	WHILE  shift 55
	IF  shift 56
	RETURN  shift 57
	ID  shift 93
	REAL_CONSTANT  shift 59
	CHAR_CONSTANT  shift 60
	'-'  shift 61
	'!'  shift 62
	'('  shift 63
	.  error

	sentencias  goto 171
	sentencia  goto 68
	expresion  goto 69
	condicionalSimple  goto 70
	condicionalComplejo  goto 71
	while  goto 72
	asignacion  goto 73
	invocacion  goto 74


state 159
	cuerpo : sentencia .  (79)

	.  reduce 79


state 160
	condicionalSimple : IF expresion ':' cuerpo .  (76)
	condicionalComplejo : IF expresion ':' cuerpo . else  (77)

	ELSE  shift 172
	INT_CONSTANT  reduce 76
	INPUT  reduce 76
	PRINT  reduce 76
	WHILE  reduce 76
	IF  reduce 76
	RETURN  reduce 76
	ID  reduce 76
	REAL_CONSTANT  reduce 76
	CHAR_CONSTANT  reduce 76
	'-'  reduce 76
	'!'  reduce 76
	'('  reduce 76
	'}'  reduce 76

	else  goto 173


state 161
	expresion : ID '(' args ')' .  (70)
	invocacion : ID '(' args ')' .  (74)

	GREATER  reduce 70
	SMALLER  reduce 70
	EQUALS  reduce 70
	NEGATION  reduce 70
	OR  reduce 70
	AND  reduce 70
	INCREMENT  reduce 70
	DECREMENT  reduce 70
	INCREMENT_ASSIGMENT  reduce 70
	DECREMENT_ASSIGMENT  reduce 70
	MUL_ASSIGMENT  reduce 70
	DIV_ASSIGMENT  reduce 70
	'='  reduce 70
	'<'  reduce 70
	'>'  reduce 70
	'-'  reduce 70
	'+'  reduce 70
	'*'  reduce 70
	'/'  reduce 70
	'%'  reduce 70
	'.'  reduce 70
	'['  reduce 70
	';'  reduce 74


state 162
	arg : arg ',' . expresion  (84)

	INT_CONSTANT  shift 52
	ID  shift 77
	REAL_CONSTANT  shift 59
	CHAR_CONSTANT  shift 60
	'-'  shift 61
	'!'  shift 62
	'('  shift 63
	.  error

	expresion  goto 174


state 163
	expresion : expresion . '[' expresion ']'  (52)
	expresion : expresion . '.' ID  (53)
	expresion : '(' tipo ')' expresion .  (54)
	expresion : expresion . '*' expresion  (57)
	expresion : expresion . '/' expresion  (58)
	expresion : expresion . '%' expresion  (59)
	expresion : expresion . '+' expresion  (60)
	expresion : expresion . '-' expresion  (61)
	expresion : expresion . '>' expresion  (62)
	expresion : expresion . GREATER expresion  (63)
	expresion : expresion . '<' expresion  (64)
	expresion : expresion . SMALLER expresion  (65)
	expresion : expresion . NEGATION expresion  (66)
	expresion : expresion . EQUALS expresion  (67)
	expresion : expresion . AND expresion  (68)
	expresion : expresion . OR expresion  (69)

	'.'  shift 115
	'['  shift 116
	GREATER  reduce 54
	SMALLER  reduce 54
	EQUALS  reduce 54
	NEGATION  reduce 54
	OR  reduce 54
	AND  reduce 54
	INCREMENT  reduce 54
	DECREMENT  reduce 54
	INCREMENT_ASSIGMENT  reduce 54
	DECREMENT_ASSIGMENT  reduce 54
	MUL_ASSIGMENT  reduce 54
	DIV_ASSIGMENT  reduce 54
	'='  reduce 54
	'<'  reduce 54
	'>'  reduce 54
	'-'  reduce 54
	'+'  reduce 54
	'*'  reduce 54
	'/'  reduce 54
	'%'  reduce 54
	']'  reduce 54
	')'  reduce 54
	':'  reduce 54
	';'  reduce 54
	','  reduce 54


state 164
	sentencia : expresion INCREMENT_ASSIGMENT expresion ';' .  (43)

	.  reduce 43


state 165
	sentencia : expresion DECREMENT_ASSIGMENT expresion ';' .  (44)

	.  reduce 44


state 166
	sentencia : expresion MUL_ASSIGMENT expresion ';' .  (45)

	.  reduce 45


state 167
	sentencia : expresion DIV_ASSIGMENT expresion ';' .  (46)

	.  reduce 46


state 168
	expresion : expresion '[' expresion ']' .  (52)

	.  reduce 52


state 169
	expresion : ID '(' args ')' .  (70)

	.  reduce 70


state 170
	sentencias : sentencias . sentencia  (32)
	while : WHILE expresion ':' '{' sentencias . '}'  (75)

	INT_CONSTANT  shift 52
	INPUT  shift 53
	PRINT  shift 54
	WHILE  shift 55
	IF  shift 56
	RETURN  shift 57
	ID  shift 93
	REAL_CONSTANT  shift 59
	CHAR_CONSTANT  shift 60
	'-'  shift 61
	'!'  shift 62
	'('  shift 63
	'}'  shift 175
	.  error

	sentencia  goto 94
	expresion  goto 69
	condicionalSimple  goto 70
	condicionalComplejo  goto 71
	while  goto 72
	asignacion  goto 73
	invocacion  goto 74


state 171
	sentencias : sentencias . sentencia  (32)
	cuerpo : '{' sentencias . '}'  (80)

	INT_CONSTANT  shift 52
	INPUT  shift 53
	PRINT  shift 54
	WHILE  shift 55
	IF  shift 56
	RETURN  shift 57
	ID  shift 93
	REAL_CONSTANT  shift 59
	CHAR_CONSTANT  shift 60
	'-'  shift 61
	'!'  shift 62
	'('  shift 63
	'}'  shift 176
	.  error

	sentencia  goto 94
	expresion  goto 69
	condicionalSimple  goto 70
	condicionalComplejo  goto 71
	while  goto 72
	asignacion  goto 73
	invocacion  goto 74


state 172
	else : ELSE . cuerpo  (78)

	INT_CONSTANT  shift 52
	INPUT  shift 53
	PRINT  shift 54
	WHILE  shift 55
	IF  shift 56
	RETURN  shift 57
	ID  shift 93
	REAL_CONSTANT  shift 59
	CHAR_CONSTANT  shift 60
	'-'  shift 61
	'!'  shift 62
	'('  shift 63
	'{'  shift 158
	.  error

	sentencia  goto 159
	expresion  goto 69
	condicionalSimple  goto 70
	condicionalComplejo  goto 71
	while  goto 72
	asignacion  goto 73
	invocacion  goto 74
	cuerpo  goto 177


state 173
	condicionalComplejo : IF expresion ':' cuerpo else .  (77)

	.  reduce 77


state 174
	expresion : expresion . '[' expresion ']'  (52)
	expresion : expresion . '.' ID  (53)
	expresion : expresion . '*' expresion  (57)
	expresion : expresion . '/' expresion  (58)
	expresion : expresion . '%' expresion  (59)
	expresion : expresion . '+' expresion  (60)
	expresion : expresion . '-' expresion  (61)
	expresion : expresion . '>' expresion  (62)
	expresion : expresion . GREATER expresion  (63)
	expresion : expresion . '<' expresion  (64)
	expresion : expresion . SMALLER expresion  (65)
	expresion : expresion . NEGATION expresion  (66)
	expresion : expresion . EQUALS expresion  (67)
	expresion : expresion . AND expresion  (68)
	expresion : expresion . OR expresion  (69)
	arg : arg ',' expresion .  (84)

	GREATER  shift 95
	SMALLER  shift 96
	EQUALS  shift 97
	NEGATION  shift 98
	OR  shift 99
	AND  shift 100
	'<'  shift 108
	'>'  shift 109
	'-'  shift 110
	'+'  shift 111
	'*'  shift 112
	'/'  shift 113
	'%'  shift 114
	'.'  shift 115
	'['  shift 116
	')'  reduce 84
	','  reduce 84


state 175
	while : WHILE expresion ':' '{' sentencias '}' .  (75)

	.  reduce 75


state 176
	cuerpo : '{' sentencias '}' .  (80)

	.  reduce 80


state 177
	else : ELSE cuerpo .  (78)

	.  reduce 78


52 terminals, 29 nonterminals
85 grammar rules, 178 states
