   0  $accept : programa $end

   1  programa : prog
   2           | prog programa

   3  prog : variables
   4       | funcion

   5  funcion : DEF ID '(' params ')' ':' retorno '{' definicion '}'

   6  retorno : tipo
   7          | VOID

   8  params : param ',' params
   9         | param
  10         |

  11  param : ID ':' tipo

  12  struct : variable ':' STRUCT '{' definiciones '}' ';'

  13  definiciones : definicion
  14               | definicion definiciones

  15  definicion : variables
  16             | array

  17  array : ID ':' dimension tipo ';'

  18  dimension : dim
  19            | dim dimension

  20  dim : '[' INT_CONSTANT ']'

  21  variables : variable ':' tipo ';'

  22  variable : ID
  23           | ID ',' variable

  24  tipo : INT
  25       | DOUBLE
  26       | CHAR

state 0
	$accept : . programa $end  (0)

	DEF  shift 1
	ID  shift 2
	.  error

	programa  goto 3
	prog  goto 4
	variables  goto 5
	funcion  goto 6
	variable  goto 7


state 1
	funcion : DEF . ID '(' params ')' ':' retorno '{' definicion '}'  (5)

	ID  shift 8
	.  error


state 2
	variable : ID .  (22)
	variable : ID . ',' variable  (23)

	','  shift 9
	':'  reduce 22


state 3
	$accept : programa . $end  (0)

	$end  accept


state 4
	programa : prog .  (1)
	programa : prog . programa  (2)

	DEF  shift 1
	ID  shift 2
	$end  reduce 1

	programa  goto 10
	prog  goto 4
	variables  goto 5
	funcion  goto 6
	variable  goto 7


state 5
	prog : variables .  (3)

	.  reduce 3


state 6
	prog : funcion .  (4)

	.  reduce 4


state 7
	variables : variable . ':' tipo ';'  (21)

	':'  shift 11
	.  error


state 8
	funcion : DEF ID . '(' params ')' ':' retorno '{' definicion '}'  (5)

	'('  shift 12
	.  error


state 9
	variable : ID ',' . variable  (23)

	ID  shift 2
	.  error

	variable  goto 13


state 10
	programa : prog programa .  (2)

	.  reduce 2


state 11
	variables : variable ':' . tipo ';'  (21)

	INT  shift 14
	DOUBLE  shift 15
	CHAR  shift 16
	.  error

	tipo  goto 17


state 12
	funcion : DEF ID '(' . params ')' ':' retorno '{' definicion '}'  (5)
	params : .  (10)

	ID  shift 18
	')'  reduce 10

	params  goto 19
	param  goto 20


state 13
	variable : ID ',' variable .  (23)

	.  reduce 23


state 14
	tipo : INT .  (24)

	.  reduce 24


state 15
	tipo : DOUBLE .  (25)

	.  reduce 25


state 16
	tipo : CHAR .  (26)

	.  reduce 26


state 17
	variables : variable ':' tipo . ';'  (21)

	';'  shift 21
	.  error


state 18
	param : ID . ':' tipo  (11)

	':'  shift 22
	.  error


state 19
	funcion : DEF ID '(' params . ')' ':' retorno '{' definicion '}'  (5)

	')'  shift 23
	.  error


state 20
	params : param . ',' params  (8)
	params : param .  (9)

	','  shift 24
	')'  reduce 9


state 21
	variables : variable ':' tipo ';' .  (21)

	.  reduce 21


state 22
	param : ID ':' . tipo  (11)

	INT  shift 14
	DOUBLE  shift 15
	CHAR  shift 16
	.  error

	tipo  goto 25


state 23
	funcion : DEF ID '(' params ')' . ':' retorno '{' definicion '}'  (5)

	':'  shift 26
	.  error


state 24
	params : param ',' . params  (8)
	params : .  (10)

	ID  shift 18
	')'  reduce 10

	params  goto 27
	param  goto 20


state 25
	param : ID ':' tipo .  (11)

	.  reduce 11


state 26
	funcion : DEF ID '(' params ')' ':' . retorno '{' definicion '}'  (5)

	INT  shift 14
	DOUBLE  shift 15
	CHAR  shift 16
	VOID  shift 28
	.  error

	retorno  goto 29
	tipo  goto 30


state 27
	params : param ',' params .  (8)

	.  reduce 8


state 28
	retorno : VOID .  (7)

	.  reduce 7


state 29
	funcion : DEF ID '(' params ')' ':' retorno . '{' definicion '}'  (5)

	'{'  shift 31
	.  error


state 30
	retorno : tipo .  (6)

	.  reduce 6


state 31
	funcion : DEF ID '(' params ')' ':' retorno '{' . definicion '}'  (5)

	ID  shift 32
	.  error

	variables  goto 33
	definicion  goto 34
	variable  goto 7
	array  goto 35


32: shift/reduce conflict (shift 36, reduce 22) on ':'
state 32
	array : ID . ':' dimension tipo ';'  (17)
	variable : ID .  (22)
	variable : ID . ',' variable  (23)

	':'  shift 36
	','  shift 9


state 33
	definicion : variables .  (15)

	.  reduce 15


state 34
	funcion : DEF ID '(' params ')' ':' retorno '{' definicion . '}'  (5)

	'}'  shift 37
	.  error


state 35
	definicion : array .  (16)

	.  reduce 16


state 36
	array : ID ':' . dimension tipo ';'  (17)

	'['  shift 38
	.  error

	dimension  goto 39
	dim  goto 40


state 37
	funcion : DEF ID '(' params ')' ':' retorno '{' definicion '}' .  (5)

	.  reduce 5


state 38
	dim : '[' . INT_CONSTANT ']'  (20)

	INT_CONSTANT  shift 41
	.  error


state 39
	array : ID ':' dimension . tipo ';'  (17)

	INT  shift 14
	DOUBLE  shift 15
	CHAR  shift 16
	.  error

	tipo  goto 42


state 40
	dimension : dim .  (18)
	dimension : dim . dimension  (19)

	'['  shift 38
	INT  reduce 18
	DOUBLE  reduce 18
	CHAR  reduce 18

	dimension  goto 43
	dim  goto 40


state 41
	dim : '[' INT_CONSTANT . ']'  (20)

	']'  shift 44
	.  error


state 42
	array : ID ':' dimension tipo . ';'  (17)

	';'  shift 45
	.  error


state 43
	dimension : dim dimension .  (19)

	.  reduce 19


state 44
	dim : '[' INT_CONSTANT ']' .  (20)

	.  reduce 20


state 45
	array : ID ':' dimension tipo ';' .  (17)

	.  reduce 17


Rules never reduced:
	struct : variable ':' STRUCT '{' definiciones '}' ';'  (12)
	definiciones : definicion  (13)
	definiciones : definicion definiciones  (14)


State 32 contains 1 shift/reduce conflict.


33 terminals, 16 nonterminals
27 grammar rules, 46 states
