   0  $accept : programa $end

   1  programa : definiciones DEF MAIN '(' ')' ':' VOID '{' body '}'

   2  definiciones : definiciones definicion
   3               |

   4  definicion : def ';'
   5             | funcion

   6  funcion : DEF ID '(' params ')' ':' retorno '{' body '}'

   7  retorno : tipo
   8          | VOID

   9  body : defs
  10       | sentencias
  11       | defs sentencias
  12       |

  13  params :
  14         | param

  15  param : par
  16        | param ',' par

  17  par : ID ':' tipo

  18  defs : def ';'
  19       | defs def ';'

  20  def : ids ':' tipo

  21  ids : ID
  22      | ids ',' ID

  23  tipo : INT
  24       | DOUBLE
  25       | CHAR
  26       | '[' INT_CONSTANT ']' tipo
  27       | STRUCT '{' campos '}'

  28  campos : campo
  29         | campos campo

  30  campo : ids ':' tipo ';'

  31  sentencias : sentencia
  32             | sentencias sentencia

  33  sentencia : PRINT list ';'
  34            | INPUT list ';'
  35            | RETURN expresion ';'
  36            | condicionalSimple
  37            | condicionalComplejo
  38            | while
  39            | asignacion ';'
  40            | invocacion ';'

  41  expresion : ID
  42            | INT_CONSTANT
  43            | CHAR_CONSTANT
  44            | REAL_CONSTANT
  45            | '(' expresion ')'
  46            | expresion '[' expresion ']'
  47            | expresion '.' ID
  48            | '(' tipo ')' expresion
  49            | '-' expresion
  50            | '!' expresion
  51            | expresion '*' expresion
  52            | expresion '/' expresion
  53            | expresion '%' expresion
  54            | expresion '+' expresion
  55            | expresion '-' expresion
  56            | expresion '>' expresion
  57            | expresion GREATER expresion
  58            | expresion '<' expresion
  59            | expresion SMALLER expresion
  60            | expresion NEGATION expresion
  61            | expresion EQUALS expresion
  62            | expresion AND expresion
  63            | expresion OR expresion

  64  list : expresion
  65       | list ',' expresion

  66  asignacion : expresion '=' expresion

  67  invocacion : ID '(' args ')'

  68  while : WHILE expresion ':' '{' sentencias '}'

  69  condicionalSimple : IF expresion ':' cuerpo

  70  condicionalComplejo : IF expresion ':' cuerpo else

  71  else : ELSE cuerpo

  72  cuerpo : sentencia
  73         | '{' sentencias '}'

  74  args :
  75       | arg

  76  arg : expresion
  77      | arg ',' expresion

state 0
	$accept : . programa $end  (0)
	definiciones : .  (3)

	.  reduce 3

	programa  goto 1
	definiciones  goto 2


state 1
	$accept : programa . $end  (0)

	$end  accept


state 2
	programa : definiciones . DEF MAIN '(' ')' ':' VOID '{' body '}'  (1)
	definiciones : definiciones . definicion  (2)

	DEF  shift 3
	ID  shift 4
	.  error

	definicion  goto 5
	def  goto 6
	funcion  goto 7
	ids  goto 8


state 3
	programa : definiciones DEF . MAIN '(' ')' ':' VOID '{' body '}'  (1)
	funcion : DEF . ID '(' params ')' ':' retorno '{' body '}'  (6)

	ID  shift 9
	MAIN  shift 10
	.  error


state 4
	ids : ID .  (21)

	.  reduce 21


state 5
	definiciones : definiciones definicion .  (2)

	.  reduce 2


state 6
	definicion : def . ';'  (4)

	';'  shift 11
	.  error


state 7
	definicion : funcion .  (5)

	.  reduce 5


state 8
	def : ids . ':' tipo  (20)
	ids : ids . ',' ID  (22)

	':'  shift 12
	','  shift 13
	.  error


state 9
	funcion : DEF ID . '(' params ')' ':' retorno '{' body '}'  (6)

	'('  shift 14
	.  error


state 10
	programa : definiciones DEF MAIN . '(' ')' ':' VOID '{' body '}'  (1)

	'('  shift 15
	.  error


state 11
	definicion : def ';' .  (4)

	.  reduce 4


state 12
	def : ids ':' . tipo  (20)

	INT  shift 16
	DOUBLE  shift 17
	CHAR  shift 18
	STRUCT  shift 19
	'['  shift 20
	.  error

	tipo  goto 21


state 13
	ids : ids ',' . ID  (22)

	ID  shift 22
	.  error


state 14
	funcion : DEF ID '(' . params ')' ':' retorno '{' body '}'  (6)
	params : .  (13)

	ID  shift 23
	')'  reduce 13

	params  goto 24
	param  goto 25
	par  goto 26


state 15
	programa : definiciones DEF MAIN '(' . ')' ':' VOID '{' body '}'  (1)

	')'  shift 27
	.  error


state 16
	tipo : INT .  (23)

	.  reduce 23


state 17
	tipo : DOUBLE .  (24)

	.  reduce 24


state 18
	tipo : CHAR .  (25)

	.  reduce 25


state 19
	tipo : STRUCT . '{' campos '}'  (27)

	'{'  shift 28
	.  error


state 20
	tipo : '[' . INT_CONSTANT ']' tipo  (26)

	INT_CONSTANT  shift 29
	.  error


state 21
	def : ids ':' tipo .  (20)

	.  reduce 20


state 22
	ids : ids ',' ID .  (22)

	.  reduce 22


state 23
	par : ID . ':' tipo  (17)

	':'  shift 30
	.  error


state 24
	funcion : DEF ID '(' params . ')' ':' retorno '{' body '}'  (6)

	')'  shift 31
	.  error


state 25
	params : param .  (14)
	param : param . ',' par  (16)

	','  shift 32
	')'  reduce 14


state 26
	param : par .  (15)

	.  reduce 15


state 27
	programa : definiciones DEF MAIN '(' ')' . ':' VOID '{' body '}'  (1)

	':'  shift 33
	.  error


state 28
	tipo : STRUCT '{' . campos '}'  (27)

	ID  shift 4
	.  error

	ids  goto 34
	campos  goto 35
	campo  goto 36


state 29
	tipo : '[' INT_CONSTANT . ']' tipo  (26)

	']'  shift 37
	.  error


state 30
	par : ID ':' . tipo  (17)

	INT  shift 16
	DOUBLE  shift 17
	CHAR  shift 18
	STRUCT  shift 19
	'['  shift 20
	.  error

	tipo  goto 38


state 31
	funcion : DEF ID '(' params ')' . ':' retorno '{' body '}'  (6)

	':'  shift 39
	.  error


state 32
	param : param ',' . par  (16)

	ID  shift 23
	.  error

	par  goto 40


state 33
	programa : definiciones DEF MAIN '(' ')' ':' . VOID '{' body '}'  (1)

	VOID  shift 41
	.  error


state 34
	ids : ids . ',' ID  (22)
	campo : ids . ':' tipo ';'  (30)

	':'  shift 42
	','  shift 13
	.  error


state 35
	tipo : STRUCT '{' campos . '}'  (27)
	campos : campos . campo  (29)

	ID  shift 4
	'}'  shift 43
	.  error

	ids  goto 34
	campo  goto 44


state 36
	campos : campo .  (28)

	.  reduce 28


state 37
	tipo : '[' INT_CONSTANT ']' . tipo  (26)

	INT  shift 16
	DOUBLE  shift 17
	CHAR  shift 18
	STRUCT  shift 19
	'['  shift 20
	.  error

	tipo  goto 45


state 38
	par : ID ':' tipo .  (17)

	.  reduce 17


state 39
	funcion : DEF ID '(' params ')' ':' . retorno '{' body '}'  (6)

	INT  shift 16
	DOUBLE  shift 17
	CHAR  shift 18
	STRUCT  shift 19
	VOID  shift 46
	'['  shift 20
	.  error

	retorno  goto 47
	tipo  goto 48


state 40
	param : param ',' par .  (16)

	.  reduce 16


state 41
	programa : definiciones DEF MAIN '(' ')' ':' VOID . '{' body '}'  (1)

	'{'  shift 49
	.  error


state 42
	campo : ids ':' . tipo ';'  (30)

	INT  shift 16
	DOUBLE  shift 17
	CHAR  shift 18
	STRUCT  shift 19
	'['  shift 20
	.  error

	tipo  goto 50


state 43
	tipo : STRUCT '{' campos '}' .  (27)

	.  reduce 27


state 44
	campos : campos campo .  (29)

	.  reduce 29


state 45
	tipo : '[' INT_CONSTANT ']' tipo .  (26)

	.  reduce 26


state 46
	retorno : VOID .  (8)

	.  reduce 8


state 47
	funcion : DEF ID '(' params ')' ':' retorno . '{' body '}'  (6)

	'{'  shift 51
	.  error


state 48
	retorno : tipo .  (7)

	.  reduce 7


state 49
	programa : definiciones DEF MAIN '(' ')' ':' VOID '{' . body '}'  (1)
	body : .  (12)

	INT_CONSTANT  shift 52
	INPUT  shift 53
	PRINT  shift 54
	WHILE  shift 55
	IF  shift 56
	RETURN  shift 57
	ID  shift 58
	REAL_CONSTANT  shift 59
	CHAR_CONSTANT  shift 60
	'-'  shift 61
	'!'  shift 62
	'('  shift 63
	'}'  reduce 12

	body  goto 64
	def  goto 65
	defs  goto 66
	sentencias  goto 67
	ids  goto 8
	sentencia  goto 68
	expresion  goto 69
	condicionalSimple  goto 70
	condicionalComplejo  goto 71
	while  goto 72
	asignacion  goto 73
	invocacion  goto 74


state 50
	campo : ids ':' tipo . ';'  (30)

	';'  shift 75
	.  error


state 51
	funcion : DEF ID '(' params ')' ':' retorno '{' . body '}'  (6)
	body : .  (12)

	INT_CONSTANT  shift 52
	INPUT  shift 53
	PRINT  shift 54
	WHILE  shift 55
	IF  shift 56
	RETURN  shift 57
	ID  shift 58
	REAL_CONSTANT  shift 59
	CHAR_CONSTANT  shift 60
	'-'  shift 61
	'!'  shift 62
	'('  shift 63
	'}'  reduce 12

	body  goto 76
	def  goto 65
	defs  goto 66
	sentencias  goto 67
	ids  goto 8
	sentencia  goto 68
	expresion  goto 69
	condicionalSimple  goto 70
	condicionalComplejo  goto 71
	while  goto 72
	asignacion  goto 73
	invocacion  goto 74


state 52
	expresion : INT_CONSTANT .  (42)

	.  reduce 42


state 53
	sentencia : INPUT . list ';'  (34)

	INT_CONSTANT  shift 52
	ID  shift 77
	REAL_CONSTANT  shift 59
	CHAR_CONSTANT  shift 60
	'-'  shift 61
	'!'  shift 62
	'('  shift 63
	.  error

	list  goto 78
	expresion  goto 79


state 54
	sentencia : PRINT . list ';'  (33)

	INT_CONSTANT  shift 52
	ID  shift 77
	REAL_CONSTANT  shift 59
	CHAR_CONSTANT  shift 60
	'-'  shift 61
	'!'  shift 62
	'('  shift 63
	.  error

	list  goto 80
	expresion  goto 79


state 55
	while : WHILE . expresion ':' '{' sentencias '}'  (68)

	INT_CONSTANT  shift 52
	ID  shift 77
	REAL_CONSTANT  shift 59
	CHAR_CONSTANT  shift 60
	'-'  shift 61
	'!'  shift 62
	'('  shift 63
	.  error

	expresion  goto 81


state 56
	condicionalSimple : IF . expresion ':' cuerpo  (69)
	condicionalComplejo : IF . expresion ':' cuerpo else  (70)

	INT_CONSTANT  shift 52
	ID  shift 77
	REAL_CONSTANT  shift 59
	CHAR_CONSTANT  shift 60
	'-'  shift 61
	'!'  shift 62
	'('  shift 63
	.  error

	expresion  goto 82


state 57
	sentencia : RETURN . expresion ';'  (35)

	INT_CONSTANT  shift 52
	ID  shift 77
	REAL_CONSTANT  shift 59
	CHAR_CONSTANT  shift 60
	'-'  shift 61
	'!'  shift 62
	'('  shift 63
	.  error

	expresion  goto 83


state 58
	ids : ID .  (21)
	expresion : ID .  (41)
	invocacion : ID . '(' args ')'  (67)

	'('  shift 84
	GREATER  reduce 41
	SMALLER  reduce 41
	EQUALS  reduce 41
	NEGATION  reduce 41
	OR  reduce 41
	AND  reduce 41
	'='  reduce 41
	'<'  reduce 41
	'>'  reduce 41
	'-'  reduce 41
	'+'  reduce 41
	'*'  reduce 41
	'/'  reduce 41
	'%'  reduce 41
	'.'  reduce 41
	'['  reduce 41
	':'  reduce 21
	','  reduce 21


state 59
	expresion : REAL_CONSTANT .  (44)

	.  reduce 44


state 60
	expresion : CHAR_CONSTANT .  (43)

	.  reduce 43


state 61
	expresion : '-' . expresion  (49)

	INT_CONSTANT  shift 52
	ID  shift 77
	REAL_CONSTANT  shift 59
	CHAR_CONSTANT  shift 60
	'-'  shift 61
	'!'  shift 62
	'('  shift 63
	.  error

	expresion  goto 85


state 62
	expresion : '!' . expresion  (50)

	INT_CONSTANT  shift 52
	ID  shift 77
	REAL_CONSTANT  shift 59
	CHAR_CONSTANT  shift 60
	'-'  shift 61
	'!'  shift 62
	'('  shift 63
	.  error

	expresion  goto 86


state 63
	expresion : '(' . expresion ')'  (45)
	expresion : '(' . tipo ')' expresion  (48)

	INT_CONSTANT  shift 52
	INT  shift 16
	DOUBLE  shift 17
	CHAR  shift 18
	STRUCT  shift 19
	ID  shift 77
	REAL_CONSTANT  shift 59
	CHAR_CONSTANT  shift 60
	'-'  shift 61
	'!'  shift 62
	'['  shift 20
	'('  shift 63
	.  error

	tipo  goto 87
	expresion  goto 88


state 64
	programa : definiciones DEF MAIN '(' ')' ':' VOID '{' body . '}'  (1)

	'}'  shift 89
	.  error


state 65
	defs : def . ';'  (18)

	';'  shift 90
	.  error


state 66
	body : defs .  (9)
	body : defs . sentencias  (11)
	defs : defs . def ';'  (19)

	INT_CONSTANT  shift 52
	INPUT  shift 53
	PRINT  shift 54
	WHILE  shift 55
	IF  shift 56
	RETURN  shift 57
	ID  shift 58
	REAL_CONSTANT  shift 59
	CHAR_CONSTANT  shift 60
	'-'  shift 61
	'!'  shift 62
	'('  shift 63
	'}'  reduce 9

	def  goto 91
	sentencias  goto 92
	ids  goto 8
	sentencia  goto 68
	expresion  goto 69
	condicionalSimple  goto 70
	condicionalComplejo  goto 71
	while  goto 72
	asignacion  goto 73
	invocacion  goto 74


state 67
	body : sentencias .  (10)
	sentencias : sentencias . sentencia  (32)

	INT_CONSTANT  shift 52
	INPUT  shift 53
	PRINT  shift 54
	WHILE  shift 55
	IF  shift 56
	RETURN  shift 57
	ID  shift 93
	REAL_CONSTANT  shift 59
	CHAR_CONSTANT  shift 60
	'-'  shift 61
	'!'  shift 62
	'('  shift 63
	'}'  reduce 10

	sentencia  goto 94
	expresion  goto 69
	condicionalSimple  goto 70
	condicionalComplejo  goto 71
	while  goto 72
	asignacion  goto 73
	invocacion  goto 74


state 68
	sentencias : sentencia .  (31)

	.  reduce 31


state 69
	expresion : expresion . '[' expresion ']'  (46)
	expresion : expresion . '.' ID  (47)
	expresion : expresion . '*' expresion  (51)
	expresion : expresion . '/' expresion  (52)
	expresion : expresion . '%' expresion  (53)
	expresion : expresion . '+' expresion  (54)
	expresion : expresion . '-' expresion  (55)
	expresion : expresion . '>' expresion  (56)
	expresion : expresion . GREATER expresion  (57)
	expresion : expresion . '<' expresion  (58)
	expresion : expresion . SMALLER expresion  (59)
	expresion : expresion . NEGATION expresion  (60)
	expresion : expresion . EQUALS expresion  (61)
	expresion : expresion . AND expresion  (62)
	expresion : expresion . OR expresion  (63)
	asignacion : expresion . '=' expresion  (66)

	GREATER  shift 95
	SMALLER  shift 96
	EQUALS  shift 97
	NEGATION  shift 98
	OR  shift 99
	AND  shift 100
	'='  shift 101
	'<'  shift 102
	'>'  shift 103
	'-'  shift 104
	'+'  shift 105
	'*'  shift 106
	'/'  shift 107
	'%'  shift 108
	'.'  shift 109
	'['  shift 110
	.  error


state 70
	sentencia : condicionalSimple .  (36)

	.  reduce 36


state 71
	sentencia : condicionalComplejo .  (37)

	.  reduce 37


state 72
	sentencia : while .  (38)

	.  reduce 38


state 73
	sentencia : asignacion . ';'  (39)

	';'  shift 111
	.  error


state 74
	sentencia : invocacion . ';'  (40)

	';'  shift 112
	.  error


state 75
	campo : ids ':' tipo ';' .  (30)

	.  reduce 30


state 76
	funcion : DEF ID '(' params ')' ':' retorno '{' body . '}'  (6)

	'}'  shift 113
	.  error


state 77
	expresion : ID .  (41)

	.  reduce 41


state 78
	sentencia : INPUT list . ';'  (34)
	list : list . ',' expresion  (65)

	';'  shift 114
	','  shift 115
	.  error


state 79
	expresion : expresion . '[' expresion ']'  (46)
	expresion : expresion . '.' ID  (47)
	expresion : expresion . '*' expresion  (51)
	expresion : expresion . '/' expresion  (52)
	expresion : expresion . '%' expresion  (53)
	expresion : expresion . '+' expresion  (54)
	expresion : expresion . '-' expresion  (55)
	expresion : expresion . '>' expresion  (56)
	expresion : expresion . GREATER expresion  (57)
	expresion : expresion . '<' expresion  (58)
	expresion : expresion . SMALLER expresion  (59)
	expresion : expresion . NEGATION expresion  (60)
	expresion : expresion . EQUALS expresion  (61)
	expresion : expresion . AND expresion  (62)
	expresion : expresion . OR expresion  (63)
	list : expresion .  (64)

	GREATER  shift 95
	SMALLER  shift 96
	EQUALS  shift 97
	NEGATION  shift 98
	OR  shift 99
	AND  shift 100
	'<'  shift 102
	'>'  shift 103
	'-'  shift 104
	'+'  shift 105
	'*'  shift 106
	'/'  shift 107
	'%'  shift 108
	'.'  shift 109
	'['  shift 110
	';'  reduce 64
	','  reduce 64


state 80
	sentencia : PRINT list . ';'  (33)
	list : list . ',' expresion  (65)

	';'  shift 116
	','  shift 115
	.  error


state 81
	expresion : expresion . '[' expresion ']'  (46)
	expresion : expresion . '.' ID  (47)
	expresion : expresion . '*' expresion  (51)
	expresion : expresion . '/' expresion  (52)
	expresion : expresion . '%' expresion  (53)
	expresion : expresion . '+' expresion  (54)
	expresion : expresion . '-' expresion  (55)
	expresion : expresion . '>' expresion  (56)
	expresion : expresion . GREATER expresion  (57)
	expresion : expresion . '<' expresion  (58)
	expresion : expresion . SMALLER expresion  (59)
	expresion : expresion . NEGATION expresion  (60)
	expresion : expresion . EQUALS expresion  (61)
	expresion : expresion . AND expresion  (62)
	expresion : expresion . OR expresion  (63)
	while : WHILE expresion . ':' '{' sentencias '}'  (68)

	GREATER  shift 95
	SMALLER  shift 96
	EQUALS  shift 97
	NEGATION  shift 98
	OR  shift 99
	AND  shift 100
	'<'  shift 102
	'>'  shift 103
	'-'  shift 104
	'+'  shift 105
	'*'  shift 106
	'/'  shift 107
	'%'  shift 108
	'.'  shift 109
	'['  shift 110
	':'  shift 117
	.  error


state 82
	expresion : expresion . '[' expresion ']'  (46)
	expresion : expresion . '.' ID  (47)
	expresion : expresion . '*' expresion  (51)
	expresion : expresion . '/' expresion  (52)
	expresion : expresion . '%' expresion  (53)
	expresion : expresion . '+' expresion  (54)
	expresion : expresion . '-' expresion  (55)
	expresion : expresion . '>' expresion  (56)
	expresion : expresion . GREATER expresion  (57)
	expresion : expresion . '<' expresion  (58)
	expresion : expresion . SMALLER expresion  (59)
	expresion : expresion . NEGATION expresion  (60)
	expresion : expresion . EQUALS expresion  (61)
	expresion : expresion . AND expresion  (62)
	expresion : expresion . OR expresion  (63)
	condicionalSimple : IF expresion . ':' cuerpo  (69)
	condicionalComplejo : IF expresion . ':' cuerpo else  (70)

	GREATER  shift 95
	SMALLER  shift 96
	EQUALS  shift 97
	NEGATION  shift 98
	OR  shift 99
	AND  shift 100
	'<'  shift 102
	'>'  shift 103
	'-'  shift 104
	'+'  shift 105
	'*'  shift 106
	'/'  shift 107
	'%'  shift 108
	'.'  shift 109
	'['  shift 110
	':'  shift 118
	.  error


state 83
	sentencia : RETURN expresion . ';'  (35)
	expresion : expresion . '[' expresion ']'  (46)
	expresion : expresion . '.' ID  (47)
	expresion : expresion . '*' expresion  (51)
	expresion : expresion . '/' expresion  (52)
	expresion : expresion . '%' expresion  (53)
	expresion : expresion . '+' expresion  (54)
	expresion : expresion . '-' expresion  (55)
	expresion : expresion . '>' expresion  (56)
	expresion : expresion . GREATER expresion  (57)
	expresion : expresion . '<' expresion  (58)
	expresion : expresion . SMALLER expresion  (59)
	expresion : expresion . NEGATION expresion  (60)
	expresion : expresion . EQUALS expresion  (61)
	expresion : expresion . AND expresion  (62)
	expresion : expresion . OR expresion  (63)

	GREATER  shift 95
	SMALLER  shift 96
	EQUALS  shift 97
	NEGATION  shift 98
	OR  shift 99
	AND  shift 100
	'<'  shift 102
	'>'  shift 103
	'-'  shift 104
	'+'  shift 105
	'*'  shift 106
	'/'  shift 107
	'%'  shift 108
	'.'  shift 109
	'['  shift 110
	';'  shift 119
	.  error


state 84
	invocacion : ID '(' . args ')'  (67)
	args : .  (74)

	INT_CONSTANT  shift 52
	ID  shift 77
	REAL_CONSTANT  shift 59
	CHAR_CONSTANT  shift 60
	'-'  shift 61
	'!'  shift 62
	'('  shift 63
	')'  reduce 74

	expresion  goto 120
	args  goto 121
	arg  goto 122


state 85
	expresion : expresion . '[' expresion ']'  (46)
	expresion : expresion . '.' ID  (47)
	expresion : '-' expresion .  (49)
	expresion : expresion . '*' expresion  (51)
	expresion : expresion . '/' expresion  (52)
	expresion : expresion . '%' expresion  (53)
	expresion : expresion . '+' expresion  (54)
	expresion : expresion . '-' expresion  (55)
	expresion : expresion . '>' expresion  (56)
	expresion : expresion . GREATER expresion  (57)
	expresion : expresion . '<' expresion  (58)
	expresion : expresion . SMALLER expresion  (59)
	expresion : expresion . NEGATION expresion  (60)
	expresion : expresion . EQUALS expresion  (61)
	expresion : expresion . AND expresion  (62)
	expresion : expresion . OR expresion  (63)

	'.'  shift 109
	'['  shift 110
	GREATER  reduce 49
	SMALLER  reduce 49
	EQUALS  reduce 49
	NEGATION  reduce 49
	OR  reduce 49
	AND  reduce 49
	'='  reduce 49
	'<'  reduce 49
	'>'  reduce 49
	'-'  reduce 49
	'+'  reduce 49
	'*'  reduce 49
	'/'  reduce 49
	'%'  reduce 49
	']'  reduce 49
	')'  reduce 49
	':'  reduce 49
	';'  reduce 49
	','  reduce 49


state 86
	expresion : expresion . '[' expresion ']'  (46)
	expresion : expresion . '.' ID  (47)
	expresion : '!' expresion .  (50)
	expresion : expresion . '*' expresion  (51)
	expresion : expresion . '/' expresion  (52)
	expresion : expresion . '%' expresion  (53)
	expresion : expresion . '+' expresion  (54)
	expresion : expresion . '-' expresion  (55)
	expresion : expresion . '>' expresion  (56)
	expresion : expresion . GREATER expresion  (57)
	expresion : expresion . '<' expresion  (58)
	expresion : expresion . SMALLER expresion  (59)
	expresion : expresion . NEGATION expresion  (60)
	expresion : expresion . EQUALS expresion  (61)
	expresion : expresion . AND expresion  (62)
	expresion : expresion . OR expresion  (63)

	'.'  shift 109
	'['  shift 110
	GREATER  reduce 50
	SMALLER  reduce 50
	EQUALS  reduce 50
	NEGATION  reduce 50
	OR  reduce 50
	AND  reduce 50
	'='  reduce 50
	'<'  reduce 50
	'>'  reduce 50
	'-'  reduce 50
	'+'  reduce 50
	'*'  reduce 50
	'/'  reduce 50
	'%'  reduce 50
	']'  reduce 50
	')'  reduce 50
	':'  reduce 50
	';'  reduce 50
	','  reduce 50


state 87
	expresion : '(' tipo . ')' expresion  (48)

	')'  shift 123
	.  error


state 88
	expresion : '(' expresion . ')'  (45)
	expresion : expresion . '[' expresion ']'  (46)
	expresion : expresion . '.' ID  (47)
	expresion : expresion . '*' expresion  (51)
	expresion : expresion . '/' expresion  (52)
	expresion : expresion . '%' expresion  (53)
	expresion : expresion . '+' expresion  (54)
	expresion : expresion . '-' expresion  (55)
	expresion : expresion . '>' expresion  (56)
	expresion : expresion . GREATER expresion  (57)
	expresion : expresion . '<' expresion  (58)
	expresion : expresion . SMALLER expresion  (59)
	expresion : expresion . NEGATION expresion  (60)
	expresion : expresion . EQUALS expresion  (61)
	expresion : expresion . AND expresion  (62)
	expresion : expresion . OR expresion  (63)

	GREATER  shift 95
	SMALLER  shift 96
	EQUALS  shift 97
	NEGATION  shift 98
	OR  shift 99
	AND  shift 100
	'<'  shift 102
	'>'  shift 103
	'-'  shift 104
	'+'  shift 105
	'*'  shift 106
	'/'  shift 107
	'%'  shift 108
	'.'  shift 109
	'['  shift 110
	')'  shift 124
	.  error


state 89
	programa : definiciones DEF MAIN '(' ')' ':' VOID '{' body '}' .  (1)

	.  reduce 1


state 90
	defs : def ';' .  (18)

	.  reduce 18


state 91
	defs : defs def . ';'  (19)

	';'  shift 125
	.  error


state 92
	body : defs sentencias .  (11)
	sentencias : sentencias . sentencia  (32)

	INT_CONSTANT  shift 52
	INPUT  shift 53
	PRINT  shift 54
	WHILE  shift 55
	IF  shift 56
	RETURN  shift 57
	ID  shift 93
	REAL_CONSTANT  shift 59
	CHAR_CONSTANT  shift 60
	'-'  shift 61
	'!'  shift 62
	'('  shift 63
	'}'  reduce 11

	sentencia  goto 94
	expresion  goto 69
	condicionalSimple  goto 70
	condicionalComplejo  goto 71
	while  goto 72
	asignacion  goto 73
	invocacion  goto 74


state 93
	expresion : ID .  (41)
	invocacion : ID . '(' args ')'  (67)

	'('  shift 84
	GREATER  reduce 41
	SMALLER  reduce 41
	EQUALS  reduce 41
	NEGATION  reduce 41
	OR  reduce 41
	AND  reduce 41
	'='  reduce 41
	'<'  reduce 41
	'>'  reduce 41
	'-'  reduce 41
	'+'  reduce 41
	'*'  reduce 41
	'/'  reduce 41
	'%'  reduce 41
	'.'  reduce 41
	'['  reduce 41


state 94
	sentencias : sentencias sentencia .  (32)

	.  reduce 32


state 95
	expresion : expresion GREATER . expresion  (57)

	INT_CONSTANT  shift 52
	ID  shift 77
	REAL_CONSTANT  shift 59
	CHAR_CONSTANT  shift 60
	'-'  shift 61
	'!'  shift 62
	'('  shift 63
	.  error

	expresion  goto 126


state 96
	expresion : expresion SMALLER . expresion  (59)

	INT_CONSTANT  shift 52
	ID  shift 77
	REAL_CONSTANT  shift 59
	CHAR_CONSTANT  shift 60
	'-'  shift 61
	'!'  shift 62
	'('  shift 63
	.  error

	expresion  goto 127


state 97
	expresion : expresion EQUALS . expresion  (61)

	INT_CONSTANT  shift 52
	ID  shift 77
	REAL_CONSTANT  shift 59
	CHAR_CONSTANT  shift 60
	'-'  shift 61
	'!'  shift 62
	'('  shift 63
	.  error

	expresion  goto 128


state 98
	expresion : expresion NEGATION . expresion  (60)

	INT_CONSTANT  shift 52
	ID  shift 77
	REAL_CONSTANT  shift 59
	CHAR_CONSTANT  shift 60
	'-'  shift 61
	'!'  shift 62
	'('  shift 63
	.  error

	expresion  goto 129


state 99
	expresion : expresion OR . expresion  (63)

	INT_CONSTANT  shift 52
	ID  shift 77
	REAL_CONSTANT  shift 59
	CHAR_CONSTANT  shift 60
	'-'  shift 61
	'!'  shift 62
	'('  shift 63
	.  error

	expresion  goto 130


state 100
	expresion : expresion AND . expresion  (62)

	INT_CONSTANT  shift 52
	ID  shift 77
	REAL_CONSTANT  shift 59
	CHAR_CONSTANT  shift 60
	'-'  shift 61
	'!'  shift 62
	'('  shift 63
	.  error

	expresion  goto 131


state 101
	asignacion : expresion '=' . expresion  (66)

	INT_CONSTANT  shift 52
	ID  shift 77
	REAL_CONSTANT  shift 59
	CHAR_CONSTANT  shift 60
	'-'  shift 61
	'!'  shift 62
	'('  shift 63
	.  error

	expresion  goto 132


state 102
	expresion : expresion '<' . expresion  (58)

	INT_CONSTANT  shift 52
	ID  shift 77
	REAL_CONSTANT  shift 59
	CHAR_CONSTANT  shift 60
	'-'  shift 61
	'!'  shift 62
	'('  shift 63
	.  error

	expresion  goto 133


state 103
	expresion : expresion '>' . expresion  (56)

	INT_CONSTANT  shift 52
	ID  shift 77
	REAL_CONSTANT  shift 59
	CHAR_CONSTANT  shift 60
	'-'  shift 61
	'!'  shift 62
	'('  shift 63
	.  error

	expresion  goto 134


state 104
	expresion : expresion '-' . expresion  (55)

	INT_CONSTANT  shift 52
	ID  shift 77
	REAL_CONSTANT  shift 59
	CHAR_CONSTANT  shift 60
	'-'  shift 61
	'!'  shift 62
	'('  shift 63
	.  error

	expresion  goto 135


state 105
	expresion : expresion '+' . expresion  (54)

	INT_CONSTANT  shift 52
	ID  shift 77
	REAL_CONSTANT  shift 59
	CHAR_CONSTANT  shift 60
	'-'  shift 61
	'!'  shift 62
	'('  shift 63
	.  error

	expresion  goto 136


state 106
	expresion : expresion '*' . expresion  (51)

	INT_CONSTANT  shift 52
	ID  shift 77
	REAL_CONSTANT  shift 59
	CHAR_CONSTANT  shift 60
	'-'  shift 61
	'!'  shift 62
	'('  shift 63
	.  error

	expresion  goto 137


state 107
	expresion : expresion '/' . expresion  (52)

	INT_CONSTANT  shift 52
	ID  shift 77
	REAL_CONSTANT  shift 59
	CHAR_CONSTANT  shift 60
	'-'  shift 61
	'!'  shift 62
	'('  shift 63
	.  error

	expresion  goto 138


state 108
	expresion : expresion '%' . expresion  (53)

	INT_CONSTANT  shift 52
	ID  shift 77
	REAL_CONSTANT  shift 59
	CHAR_CONSTANT  shift 60
	'-'  shift 61
	'!'  shift 62
	'('  shift 63
	.  error

	expresion  goto 139


state 109
	expresion : expresion '.' . ID  (47)

	ID  shift 140
	.  error


state 110
	expresion : expresion '[' . expresion ']'  (46)

	INT_CONSTANT  shift 52
	ID  shift 77
	REAL_CONSTANT  shift 59
	CHAR_CONSTANT  shift 60
	'-'  shift 61
	'!'  shift 62
	'('  shift 63
	.  error

	expresion  goto 141


state 111
	sentencia : asignacion ';' .  (39)

	.  reduce 39


state 112
	sentencia : invocacion ';' .  (40)

	.  reduce 40


state 113
	funcion : DEF ID '(' params ')' ':' retorno '{' body '}' .  (6)

	.  reduce 6


state 114
	sentencia : INPUT list ';' .  (34)

	.  reduce 34


state 115
	list : list ',' . expresion  (65)

	INT_CONSTANT  shift 52
	ID  shift 77
	REAL_CONSTANT  shift 59
	CHAR_CONSTANT  shift 60
	'-'  shift 61
	'!'  shift 62
	'('  shift 63
	.  error

	expresion  goto 142


state 116
	sentencia : PRINT list ';' .  (33)

	.  reduce 33


state 117
	while : WHILE expresion ':' . '{' sentencias '}'  (68)

	'{'  shift 143
	.  error


state 118
	condicionalSimple : IF expresion ':' . cuerpo  (69)
	condicionalComplejo : IF expresion ':' . cuerpo else  (70)

	INT_CONSTANT  shift 52
	INPUT  shift 53
	PRINT  shift 54
	WHILE  shift 55
	IF  shift 56
	RETURN  shift 57
	ID  shift 93
	REAL_CONSTANT  shift 59
	CHAR_CONSTANT  shift 60
	'-'  shift 61
	'!'  shift 62
	'('  shift 63
	'{'  shift 144
	.  error

	sentencia  goto 145
	expresion  goto 69
	condicionalSimple  goto 70
	condicionalComplejo  goto 71
	while  goto 72
	asignacion  goto 73
	invocacion  goto 74
	cuerpo  goto 146


state 119
	sentencia : RETURN expresion ';' .  (35)

	.  reduce 35


state 120
	expresion : expresion . '[' expresion ']'  (46)
	expresion : expresion . '.' ID  (47)
	expresion : expresion . '*' expresion  (51)
	expresion : expresion . '/' expresion  (52)
	expresion : expresion . '%' expresion  (53)
	expresion : expresion . '+' expresion  (54)
	expresion : expresion . '-' expresion  (55)
	expresion : expresion . '>' expresion  (56)
	expresion : expresion . GREATER expresion  (57)
	expresion : expresion . '<' expresion  (58)
	expresion : expresion . SMALLER expresion  (59)
	expresion : expresion . NEGATION expresion  (60)
	expresion : expresion . EQUALS expresion  (61)
	expresion : expresion . AND expresion  (62)
	expresion : expresion . OR expresion  (63)
	arg : expresion .  (76)

	GREATER  shift 95
	SMALLER  shift 96
	EQUALS  shift 97
	NEGATION  shift 98
	OR  shift 99
	AND  shift 100
	'<'  shift 102
	'>'  shift 103
	'-'  shift 104
	'+'  shift 105
	'*'  shift 106
	'/'  shift 107
	'%'  shift 108
	'.'  shift 109
	'['  shift 110
	')'  reduce 76
	','  reduce 76


state 121
	invocacion : ID '(' args . ')'  (67)

	')'  shift 147
	.  error


state 122
	args : arg .  (75)
	arg : arg . ',' expresion  (77)

	','  shift 148
	')'  reduce 75


state 123
	expresion : '(' tipo ')' . expresion  (48)

	INT_CONSTANT  shift 52
	ID  shift 77
	REAL_CONSTANT  shift 59
	CHAR_CONSTANT  shift 60
	'-'  shift 61
	'!'  shift 62
	'('  shift 63
	.  error

	expresion  goto 149


state 124
	expresion : '(' expresion ')' .  (45)

	.  reduce 45


state 125
	defs : defs def ';' .  (19)

	.  reduce 19


state 126
	expresion : expresion . '[' expresion ']'  (46)
	expresion : expresion . '.' ID  (47)
	expresion : expresion . '*' expresion  (51)
	expresion : expresion . '/' expresion  (52)
	expresion : expresion . '%' expresion  (53)
	expresion : expresion . '+' expresion  (54)
	expresion : expresion . '-' expresion  (55)
	expresion : expresion . '>' expresion  (56)
	expresion : expresion . GREATER expresion  (57)
	expresion : expresion GREATER expresion .  (57)
	expresion : expresion . '<' expresion  (58)
	expresion : expresion . SMALLER expresion  (59)
	expresion : expresion . NEGATION expresion  (60)
	expresion : expresion . EQUALS expresion  (61)
	expresion : expresion . AND expresion  (62)
	expresion : expresion . OR expresion  (63)

	'-'  shift 104
	'+'  shift 105
	'*'  shift 106
	'/'  shift 107
	'%'  shift 108
	'.'  shift 109
	'['  shift 110
	GREATER  reduce 57
	SMALLER  reduce 57
	EQUALS  reduce 57
	NEGATION  reduce 57
	OR  reduce 57
	AND  reduce 57
	'='  reduce 57
	'<'  reduce 57
	'>'  reduce 57
	']'  reduce 57
	')'  reduce 57
	':'  reduce 57
	';'  reduce 57
	','  reduce 57


state 127
	expresion : expresion . '[' expresion ']'  (46)
	expresion : expresion . '.' ID  (47)
	expresion : expresion . '*' expresion  (51)
	expresion : expresion . '/' expresion  (52)
	expresion : expresion . '%' expresion  (53)
	expresion : expresion . '+' expresion  (54)
	expresion : expresion . '-' expresion  (55)
	expresion : expresion . '>' expresion  (56)
	expresion : expresion . GREATER expresion  (57)
	expresion : expresion . '<' expresion  (58)
	expresion : expresion . SMALLER expresion  (59)
	expresion : expresion SMALLER expresion .  (59)
	expresion : expresion . NEGATION expresion  (60)
	expresion : expresion . EQUALS expresion  (61)
	expresion : expresion . AND expresion  (62)
	expresion : expresion . OR expresion  (63)

	'-'  shift 104
	'+'  shift 105
	'*'  shift 106
	'/'  shift 107
	'%'  shift 108
	'.'  shift 109
	'['  shift 110
	GREATER  reduce 59
	SMALLER  reduce 59
	EQUALS  reduce 59
	NEGATION  reduce 59
	OR  reduce 59
	AND  reduce 59
	'='  reduce 59
	'<'  reduce 59
	'>'  reduce 59
	']'  reduce 59
	')'  reduce 59
	':'  reduce 59
	';'  reduce 59
	','  reduce 59


state 128
	expresion : expresion . '[' expresion ']'  (46)
	expresion : expresion . '.' ID  (47)
	expresion : expresion . '*' expresion  (51)
	expresion : expresion . '/' expresion  (52)
	expresion : expresion . '%' expresion  (53)
	expresion : expresion . '+' expresion  (54)
	expresion : expresion . '-' expresion  (55)
	expresion : expresion . '>' expresion  (56)
	expresion : expresion . GREATER expresion  (57)
	expresion : expresion . '<' expresion  (58)
	expresion : expresion . SMALLER expresion  (59)
	expresion : expresion . NEGATION expresion  (60)
	expresion : expresion . EQUALS expresion  (61)
	expresion : expresion EQUALS expresion .  (61)
	expresion : expresion . AND expresion  (62)
	expresion : expresion . OR expresion  (63)

	'-'  shift 104
	'+'  shift 105
	'*'  shift 106
	'/'  shift 107
	'%'  shift 108
	'.'  shift 109
	'['  shift 110
	GREATER  reduce 61
	SMALLER  reduce 61
	EQUALS  reduce 61
	NEGATION  reduce 61
	OR  reduce 61
	AND  reduce 61
	'='  reduce 61
	'<'  reduce 61
	'>'  reduce 61
	']'  reduce 61
	')'  reduce 61
	':'  reduce 61
	';'  reduce 61
	','  reduce 61


state 129
	expresion : expresion . '[' expresion ']'  (46)
	expresion : expresion . '.' ID  (47)
	expresion : expresion . '*' expresion  (51)
	expresion : expresion . '/' expresion  (52)
	expresion : expresion . '%' expresion  (53)
	expresion : expresion . '+' expresion  (54)
	expresion : expresion . '-' expresion  (55)
	expresion : expresion . '>' expresion  (56)
	expresion : expresion . GREATER expresion  (57)
	expresion : expresion . '<' expresion  (58)
	expresion : expresion . SMALLER expresion  (59)
	expresion : expresion . NEGATION expresion  (60)
	expresion : expresion NEGATION expresion .  (60)
	expresion : expresion . EQUALS expresion  (61)
	expresion : expresion . AND expresion  (62)
	expresion : expresion . OR expresion  (63)

	'-'  shift 104
	'+'  shift 105
	'*'  shift 106
	'/'  shift 107
	'%'  shift 108
	'.'  shift 109
	'['  shift 110
	GREATER  reduce 60
	SMALLER  reduce 60
	EQUALS  reduce 60
	NEGATION  reduce 60
	OR  reduce 60
	AND  reduce 60
	'='  reduce 60
	'<'  reduce 60
	'>'  reduce 60
	']'  reduce 60
	')'  reduce 60
	':'  reduce 60
	';'  reduce 60
	','  reduce 60


state 130
	expresion : expresion . '[' expresion ']'  (46)
	expresion : expresion . '.' ID  (47)
	expresion : expresion . '*' expresion  (51)
	expresion : expresion . '/' expresion  (52)
	expresion : expresion . '%' expresion  (53)
	expresion : expresion . '+' expresion  (54)
	expresion : expresion . '-' expresion  (55)
	expresion : expresion . '>' expresion  (56)
	expresion : expresion . GREATER expresion  (57)
	expresion : expresion . '<' expresion  (58)
	expresion : expresion . SMALLER expresion  (59)
	expresion : expresion . NEGATION expresion  (60)
	expresion : expresion . EQUALS expresion  (61)
	expresion : expresion . AND expresion  (62)
	expresion : expresion . OR expresion  (63)
	expresion : expresion OR expresion .  (63)

	GREATER  shift 95
	SMALLER  shift 96
	EQUALS  shift 97
	NEGATION  shift 98
	'<'  shift 102
	'>'  shift 103
	'-'  shift 104
	'+'  shift 105
	'*'  shift 106
	'/'  shift 107
	'%'  shift 108
	'.'  shift 109
	'['  shift 110
	OR  reduce 63
	AND  reduce 63
	'='  reduce 63
	']'  reduce 63
	')'  reduce 63
	':'  reduce 63
	';'  reduce 63
	','  reduce 63


state 131
	expresion : expresion . '[' expresion ']'  (46)
	expresion : expresion . '.' ID  (47)
	expresion : expresion . '*' expresion  (51)
	expresion : expresion . '/' expresion  (52)
	expresion : expresion . '%' expresion  (53)
	expresion : expresion . '+' expresion  (54)
	expresion : expresion . '-' expresion  (55)
	expresion : expresion . '>' expresion  (56)
	expresion : expresion . GREATER expresion  (57)
	expresion : expresion . '<' expresion  (58)
	expresion : expresion . SMALLER expresion  (59)
	expresion : expresion . NEGATION expresion  (60)
	expresion : expresion . EQUALS expresion  (61)
	expresion : expresion . AND expresion  (62)
	expresion : expresion AND expresion .  (62)
	expresion : expresion . OR expresion  (63)

	GREATER  shift 95
	SMALLER  shift 96
	EQUALS  shift 97
	NEGATION  shift 98
	'<'  shift 102
	'>'  shift 103
	'-'  shift 104
	'+'  shift 105
	'*'  shift 106
	'/'  shift 107
	'%'  shift 108
	'.'  shift 109
	'['  shift 110
	OR  reduce 62
	AND  reduce 62
	'='  reduce 62
	']'  reduce 62
	')'  reduce 62
	':'  reduce 62
	';'  reduce 62
	','  reduce 62


state 132
	expresion : expresion . '[' expresion ']'  (46)
	expresion : expresion . '.' ID  (47)
	expresion : expresion . '*' expresion  (51)
	expresion : expresion . '/' expresion  (52)
	expresion : expresion . '%' expresion  (53)
	expresion : expresion . '+' expresion  (54)
	expresion : expresion . '-' expresion  (55)
	expresion : expresion . '>' expresion  (56)
	expresion : expresion . GREATER expresion  (57)
	expresion : expresion . '<' expresion  (58)
	expresion : expresion . SMALLER expresion  (59)
	expresion : expresion . NEGATION expresion  (60)
	expresion : expresion . EQUALS expresion  (61)
	expresion : expresion . AND expresion  (62)
	expresion : expresion . OR expresion  (63)
	asignacion : expresion '=' expresion .  (66)

	GREATER  shift 95
	SMALLER  shift 96
	EQUALS  shift 97
	NEGATION  shift 98
	OR  shift 99
	AND  shift 100
	'<'  shift 102
	'>'  shift 103
	'-'  shift 104
	'+'  shift 105
	'*'  shift 106
	'/'  shift 107
	'%'  shift 108
	'.'  shift 109
	'['  shift 110
	';'  reduce 66


state 133
	expresion : expresion . '[' expresion ']'  (46)
	expresion : expresion . '.' ID  (47)
	expresion : expresion . '*' expresion  (51)
	expresion : expresion . '/' expresion  (52)
	expresion : expresion . '%' expresion  (53)
	expresion : expresion . '+' expresion  (54)
	expresion : expresion . '-' expresion  (55)
	expresion : expresion . '>' expresion  (56)
	expresion : expresion . GREATER expresion  (57)
	expresion : expresion . '<' expresion  (58)
	expresion : expresion '<' expresion .  (58)
	expresion : expresion . SMALLER expresion  (59)
	expresion : expresion . NEGATION expresion  (60)
	expresion : expresion . EQUALS expresion  (61)
	expresion : expresion . AND expresion  (62)
	expresion : expresion . OR expresion  (63)

	'-'  shift 104
	'+'  shift 105
	'*'  shift 106
	'/'  shift 107
	'%'  shift 108
	'.'  shift 109
	'['  shift 110
	GREATER  reduce 58
	SMALLER  reduce 58
	EQUALS  reduce 58
	NEGATION  reduce 58
	OR  reduce 58
	AND  reduce 58
	'='  reduce 58
	'<'  reduce 58
	'>'  reduce 58
	']'  reduce 58
	')'  reduce 58
	':'  reduce 58
	';'  reduce 58
	','  reduce 58


state 134
	expresion : expresion . '[' expresion ']'  (46)
	expresion : expresion . '.' ID  (47)
	expresion : expresion . '*' expresion  (51)
	expresion : expresion . '/' expresion  (52)
	expresion : expresion . '%' expresion  (53)
	expresion : expresion . '+' expresion  (54)
	expresion : expresion . '-' expresion  (55)
	expresion : expresion . '>' expresion  (56)
	expresion : expresion '>' expresion .  (56)
	expresion : expresion . GREATER expresion  (57)
	expresion : expresion . '<' expresion  (58)
	expresion : expresion . SMALLER expresion  (59)
	expresion : expresion . NEGATION expresion  (60)
	expresion : expresion . EQUALS expresion  (61)
	expresion : expresion . AND expresion  (62)
	expresion : expresion . OR expresion  (63)

	'-'  shift 104
	'+'  shift 105
	'*'  shift 106
	'/'  shift 107
	'%'  shift 108
	'.'  shift 109
	'['  shift 110
	GREATER  reduce 56
	SMALLER  reduce 56
	EQUALS  reduce 56
	NEGATION  reduce 56
	OR  reduce 56
	AND  reduce 56
	'='  reduce 56
	'<'  reduce 56
	'>'  reduce 56
	']'  reduce 56
	')'  reduce 56
	':'  reduce 56
	';'  reduce 56
	','  reduce 56


state 135
	expresion : expresion . '[' expresion ']'  (46)
	expresion : expresion . '.' ID  (47)
	expresion : expresion . '*' expresion  (51)
	expresion : expresion . '/' expresion  (52)
	expresion : expresion . '%' expresion  (53)
	expresion : expresion . '+' expresion  (54)
	expresion : expresion . '-' expresion  (55)
	expresion : expresion '-' expresion .  (55)
	expresion : expresion . '>' expresion  (56)
	expresion : expresion . GREATER expresion  (57)
	expresion : expresion . '<' expresion  (58)
	expresion : expresion . SMALLER expresion  (59)
	expresion : expresion . NEGATION expresion  (60)
	expresion : expresion . EQUALS expresion  (61)
	expresion : expresion . AND expresion  (62)
	expresion : expresion . OR expresion  (63)

	'*'  shift 106
	'/'  shift 107
	'%'  shift 108
	'.'  shift 109
	'['  shift 110
	GREATER  reduce 55
	SMALLER  reduce 55
	EQUALS  reduce 55
	NEGATION  reduce 55
	OR  reduce 55
	AND  reduce 55
	'='  reduce 55
	'<'  reduce 55
	'>'  reduce 55
	'-'  reduce 55
	'+'  reduce 55
	']'  reduce 55
	')'  reduce 55
	':'  reduce 55
	';'  reduce 55
	','  reduce 55


state 136
	expresion : expresion . '[' expresion ']'  (46)
	expresion : expresion . '.' ID  (47)
	expresion : expresion . '*' expresion  (51)
	expresion : expresion . '/' expresion  (52)
	expresion : expresion . '%' expresion  (53)
	expresion : expresion . '+' expresion  (54)
	expresion : expresion '+' expresion .  (54)
	expresion : expresion . '-' expresion  (55)
	expresion : expresion . '>' expresion  (56)
	expresion : expresion . GREATER expresion  (57)
	expresion : expresion . '<' expresion  (58)
	expresion : expresion . SMALLER expresion  (59)
	expresion : expresion . NEGATION expresion  (60)
	expresion : expresion . EQUALS expresion  (61)
	expresion : expresion . AND expresion  (62)
	expresion : expresion . OR expresion  (63)

	'*'  shift 106
	'/'  shift 107
	'%'  shift 108
	'.'  shift 109
	'['  shift 110
	GREATER  reduce 54
	SMALLER  reduce 54
	EQUALS  reduce 54
	NEGATION  reduce 54
	OR  reduce 54
	AND  reduce 54
	'='  reduce 54
	'<'  reduce 54
	'>'  reduce 54
	'-'  reduce 54
	'+'  reduce 54
	']'  reduce 54
	')'  reduce 54
	':'  reduce 54
	';'  reduce 54
	','  reduce 54


state 137
	expresion : expresion . '[' expresion ']'  (46)
	expresion : expresion . '.' ID  (47)
	expresion : expresion . '*' expresion  (51)
	expresion : expresion '*' expresion .  (51)
	expresion : expresion . '/' expresion  (52)
	expresion : expresion . '%' expresion  (53)
	expresion : expresion . '+' expresion  (54)
	expresion : expresion . '-' expresion  (55)
	expresion : expresion . '>' expresion  (56)
	expresion : expresion . GREATER expresion  (57)
	expresion : expresion . '<' expresion  (58)
	expresion : expresion . SMALLER expresion  (59)
	expresion : expresion . NEGATION expresion  (60)
	expresion : expresion . EQUALS expresion  (61)
	expresion : expresion . AND expresion  (62)
	expresion : expresion . OR expresion  (63)

	'.'  shift 109
	'['  shift 110
	GREATER  reduce 51
	SMALLER  reduce 51
	EQUALS  reduce 51
	NEGATION  reduce 51
	OR  reduce 51
	AND  reduce 51
	'='  reduce 51
	'<'  reduce 51
	'>'  reduce 51
	'-'  reduce 51
	'+'  reduce 51
	'*'  reduce 51
	'/'  reduce 51
	'%'  reduce 51
	']'  reduce 51
	')'  reduce 51
	':'  reduce 51
	';'  reduce 51
	','  reduce 51


state 138
	expresion : expresion . '[' expresion ']'  (46)
	expresion : expresion . '.' ID  (47)
	expresion : expresion . '*' expresion  (51)
	expresion : expresion . '/' expresion  (52)
	expresion : expresion '/' expresion .  (52)
	expresion : expresion . '%' expresion  (53)
	expresion : expresion . '+' expresion  (54)
	expresion : expresion . '-' expresion  (55)
	expresion : expresion . '>' expresion  (56)
	expresion : expresion . GREATER expresion  (57)
	expresion : expresion . '<' expresion  (58)
	expresion : expresion . SMALLER expresion  (59)
	expresion : expresion . NEGATION expresion  (60)
	expresion : expresion . EQUALS expresion  (61)
	expresion : expresion . AND expresion  (62)
	expresion : expresion . OR expresion  (63)

	'.'  shift 109
	'['  shift 110
	GREATER  reduce 52
	SMALLER  reduce 52
	EQUALS  reduce 52
	NEGATION  reduce 52
	OR  reduce 52
	AND  reduce 52
	'='  reduce 52
	'<'  reduce 52
	'>'  reduce 52
	'-'  reduce 52
	'+'  reduce 52
	'*'  reduce 52
	'/'  reduce 52
	'%'  reduce 52
	']'  reduce 52
	')'  reduce 52
	':'  reduce 52
	';'  reduce 52
	','  reduce 52


state 139
	expresion : expresion . '[' expresion ']'  (46)
	expresion : expresion . '.' ID  (47)
	expresion : expresion . '*' expresion  (51)
	expresion : expresion . '/' expresion  (52)
	expresion : expresion . '%' expresion  (53)
	expresion : expresion '%' expresion .  (53)
	expresion : expresion . '+' expresion  (54)
	expresion : expresion . '-' expresion  (55)
	expresion : expresion . '>' expresion  (56)
	expresion : expresion . GREATER expresion  (57)
	expresion : expresion . '<' expresion  (58)
	expresion : expresion . SMALLER expresion  (59)
	expresion : expresion . NEGATION expresion  (60)
	expresion : expresion . EQUALS expresion  (61)
	expresion : expresion . AND expresion  (62)
	expresion : expresion . OR expresion  (63)

	'.'  shift 109
	'['  shift 110
	GREATER  reduce 53
	SMALLER  reduce 53
	EQUALS  reduce 53
	NEGATION  reduce 53
	OR  reduce 53
	AND  reduce 53
	'='  reduce 53
	'<'  reduce 53
	'>'  reduce 53
	'-'  reduce 53
	'+'  reduce 53
	'*'  reduce 53
	'/'  reduce 53
	'%'  reduce 53
	']'  reduce 53
	')'  reduce 53
	':'  reduce 53
	';'  reduce 53
	','  reduce 53


state 140
	expresion : expresion '.' ID .  (47)

	.  reduce 47


state 141
	expresion : expresion . '[' expresion ']'  (46)
	expresion : expresion '[' expresion . ']'  (46)
	expresion : expresion . '.' ID  (47)
	expresion : expresion . '*' expresion  (51)
	expresion : expresion . '/' expresion  (52)
	expresion : expresion . '%' expresion  (53)
	expresion : expresion . '+' expresion  (54)
	expresion : expresion . '-' expresion  (55)
	expresion : expresion . '>' expresion  (56)
	expresion : expresion . GREATER expresion  (57)
	expresion : expresion . '<' expresion  (58)
	expresion : expresion . SMALLER expresion  (59)
	expresion : expresion . NEGATION expresion  (60)
	expresion : expresion . EQUALS expresion  (61)
	expresion : expresion . AND expresion  (62)
	expresion : expresion . OR expresion  (63)

	GREATER  shift 95
	SMALLER  shift 96
	EQUALS  shift 97
	NEGATION  shift 98
	OR  shift 99
	AND  shift 100
	'<'  shift 102
	'>'  shift 103
	'-'  shift 104
	'+'  shift 105
	'*'  shift 106
	'/'  shift 107
	'%'  shift 108
	'.'  shift 109
	'['  shift 110
	']'  shift 150
	.  error


state 142
	expresion : expresion . '[' expresion ']'  (46)
	expresion : expresion . '.' ID  (47)
	expresion : expresion . '*' expresion  (51)
	expresion : expresion . '/' expresion  (52)
	expresion : expresion . '%' expresion  (53)
	expresion : expresion . '+' expresion  (54)
	expresion : expresion . '-' expresion  (55)
	expresion : expresion . '>' expresion  (56)
	expresion : expresion . GREATER expresion  (57)
	expresion : expresion . '<' expresion  (58)
	expresion : expresion . SMALLER expresion  (59)
	expresion : expresion . NEGATION expresion  (60)
	expresion : expresion . EQUALS expresion  (61)
	expresion : expresion . AND expresion  (62)
	expresion : expresion . OR expresion  (63)
	list : list ',' expresion .  (65)

	GREATER  shift 95
	SMALLER  shift 96
	EQUALS  shift 97
	NEGATION  shift 98
	OR  shift 99
	AND  shift 100
	'<'  shift 102
	'>'  shift 103
	'-'  shift 104
	'+'  shift 105
	'*'  shift 106
	'/'  shift 107
	'%'  shift 108
	'.'  shift 109
	'['  shift 110
	';'  reduce 65
	','  reduce 65


state 143
	while : WHILE expresion ':' '{' . sentencias '}'  (68)

	INT_CONSTANT  shift 52
	INPUT  shift 53
	PRINT  shift 54
	WHILE  shift 55
	IF  shift 56
	RETURN  shift 57
	ID  shift 93
	REAL_CONSTANT  shift 59
	CHAR_CONSTANT  shift 60
	'-'  shift 61
	'!'  shift 62
	'('  shift 63
	.  error

	sentencias  goto 151
	sentencia  goto 68
	expresion  goto 69
	condicionalSimple  goto 70
	condicionalComplejo  goto 71
	while  goto 72
	asignacion  goto 73
	invocacion  goto 74


state 144
	cuerpo : '{' . sentencias '}'  (73)

	INT_CONSTANT  shift 52
	INPUT  shift 53
	PRINT  shift 54
	WHILE  shift 55
	IF  shift 56
	RETURN  shift 57
	ID  shift 93
	REAL_CONSTANT  shift 59
	CHAR_CONSTANT  shift 60
	'-'  shift 61
	'!'  shift 62
	'('  shift 63
	.  error

	sentencias  goto 152
	sentencia  goto 68
	expresion  goto 69
	condicionalSimple  goto 70
	condicionalComplejo  goto 71
	while  goto 72
	asignacion  goto 73
	invocacion  goto 74


state 145
	cuerpo : sentencia .  (72)

	.  reduce 72


state 146
	condicionalSimple : IF expresion ':' cuerpo .  (69)
	condicionalComplejo : IF expresion ':' cuerpo . else  (70)

	ELSE  shift 153
	INT_CONSTANT  reduce 69
	INPUT  reduce 69
	PRINT  reduce 69
	WHILE  reduce 69
	IF  reduce 69
	RETURN  reduce 69
	ID  reduce 69
	REAL_CONSTANT  reduce 69
	CHAR_CONSTANT  reduce 69
	'-'  reduce 69
	'!'  reduce 69
	'('  reduce 69
	'}'  reduce 69

	else  goto 154


state 147
	invocacion : ID '(' args ')' .  (67)

	.  reduce 67


state 148
	arg : arg ',' . expresion  (77)

	INT_CONSTANT  shift 52
	ID  shift 77
	REAL_CONSTANT  shift 59
	CHAR_CONSTANT  shift 60
	'-'  shift 61
	'!'  shift 62
	'('  shift 63
	.  error

	expresion  goto 155


state 149
	expresion : expresion . '[' expresion ']'  (46)
	expresion : expresion . '.' ID  (47)
	expresion : '(' tipo ')' expresion .  (48)
	expresion : expresion . '*' expresion  (51)
	expresion : expresion . '/' expresion  (52)
	expresion : expresion . '%' expresion  (53)
	expresion : expresion . '+' expresion  (54)
	expresion : expresion . '-' expresion  (55)
	expresion : expresion . '>' expresion  (56)
	expresion : expresion . GREATER expresion  (57)
	expresion : expresion . '<' expresion  (58)
	expresion : expresion . SMALLER expresion  (59)
	expresion : expresion . NEGATION expresion  (60)
	expresion : expresion . EQUALS expresion  (61)
	expresion : expresion . AND expresion  (62)
	expresion : expresion . OR expresion  (63)

	'.'  shift 109
	'['  shift 110
	GREATER  reduce 48
	SMALLER  reduce 48
	EQUALS  reduce 48
	NEGATION  reduce 48
	OR  reduce 48
	AND  reduce 48
	'='  reduce 48
	'<'  reduce 48
	'>'  reduce 48
	'-'  reduce 48
	'+'  reduce 48
	'*'  reduce 48
	'/'  reduce 48
	'%'  reduce 48
	']'  reduce 48
	')'  reduce 48
	':'  reduce 48
	';'  reduce 48
	','  reduce 48


state 150
	expresion : expresion '[' expresion ']' .  (46)

	.  reduce 46


state 151
	sentencias : sentencias . sentencia  (32)
	while : WHILE expresion ':' '{' sentencias . '}'  (68)

	INT_CONSTANT  shift 52
	INPUT  shift 53
	PRINT  shift 54
	WHILE  shift 55
	IF  shift 56
	RETURN  shift 57
	ID  shift 93
	REAL_CONSTANT  shift 59
	CHAR_CONSTANT  shift 60
	'-'  shift 61
	'!'  shift 62
	'('  shift 63
	'}'  shift 156
	.  error

	sentencia  goto 94
	expresion  goto 69
	condicionalSimple  goto 70
	condicionalComplejo  goto 71
	while  goto 72
	asignacion  goto 73
	invocacion  goto 74


state 152
	sentencias : sentencias . sentencia  (32)
	cuerpo : '{' sentencias . '}'  (73)

	INT_CONSTANT  shift 52
	INPUT  shift 53
	PRINT  shift 54
	WHILE  shift 55
	IF  shift 56
	RETURN  shift 57
	ID  shift 93
	REAL_CONSTANT  shift 59
	CHAR_CONSTANT  shift 60
	'-'  shift 61
	'!'  shift 62
	'('  shift 63
	'}'  shift 157
	.  error

	sentencia  goto 94
	expresion  goto 69
	condicionalSimple  goto 70
	condicionalComplejo  goto 71
	while  goto 72
	asignacion  goto 73
	invocacion  goto 74


state 153
	else : ELSE . cuerpo  (71)

	INT_CONSTANT  shift 52
	INPUT  shift 53
	PRINT  shift 54
	WHILE  shift 55
	IF  shift 56
	RETURN  shift 57
	ID  shift 93
	REAL_CONSTANT  shift 59
	CHAR_CONSTANT  shift 60
	'-'  shift 61
	'!'  shift 62
	'('  shift 63
	'{'  shift 144
	.  error

	sentencia  goto 145
	expresion  goto 69
	condicionalSimple  goto 70
	condicionalComplejo  goto 71
	while  goto 72
	asignacion  goto 73
	invocacion  goto 74
	cuerpo  goto 158


state 154
	condicionalComplejo : IF expresion ':' cuerpo else .  (70)

	.  reduce 70


state 155
	expresion : expresion . '[' expresion ']'  (46)
	expresion : expresion . '.' ID  (47)
	expresion : expresion . '*' expresion  (51)
	expresion : expresion . '/' expresion  (52)
	expresion : expresion . '%' expresion  (53)
	expresion : expresion . '+' expresion  (54)
	expresion : expresion . '-' expresion  (55)
	expresion : expresion . '>' expresion  (56)
	expresion : expresion . GREATER expresion  (57)
	expresion : expresion . '<' expresion  (58)
	expresion : expresion . SMALLER expresion  (59)
	expresion : expresion . NEGATION expresion  (60)
	expresion : expresion . EQUALS expresion  (61)
	expresion : expresion . AND expresion  (62)
	expresion : expresion . OR expresion  (63)
	arg : arg ',' expresion .  (77)

	GREATER  shift 95
	SMALLER  shift 96
	EQUALS  shift 97
	NEGATION  shift 98
	OR  shift 99
	AND  shift 100
	'<'  shift 102
	'>'  shift 103
	'-'  shift 104
	'+'  shift 105
	'*'  shift 106
	'/'  shift 107
	'%'  shift 108
	'.'  shift 109
	'['  shift 110
	')'  reduce 77
	','  reduce 77


state 156
	while : WHILE expresion ':' '{' sentencias '}' .  (68)

	.  reduce 68


state 157
	cuerpo : '{' sentencias '}' .  (73)

	.  reduce 73


state 158
	else : ELSE cuerpo .  (71)

	.  reduce 71


47 terminals, 29 nonterminals
78 grammar rules, 159 states
