   0  $accept : programa $end

   1  programa : variables funcion

   2  funcion : DEF ID '(' params ')' ':' retorno

   3  retorno : tipo
   4          | VOID

   5  params : param ',' params
   6         | param

   7  param : ID ':' tipo

   8  variables : variable ':' tipo ';'

   9  variable : ID
  10           | ID ',' variable

  11  tipo : INT
  12       | DOUBLE
  13       | CHAR

state 0
	$accept : . programa $end  (0)

	ID  shift 1
	.  error

	programa  goto 2
	variables  goto 3
	variable  goto 4


state 1
	variable : ID .  (9)
	variable : ID . ',' variable  (10)

	','  shift 5
	':'  reduce 9


state 2
	$accept : programa . $end  (0)

	$end  accept


state 3
	programa : variables . funcion  (1)

	DEF  shift 6
	.  error

	funcion  goto 7


state 4
	variables : variable . ':' tipo ';'  (8)

	':'  shift 8
	.  error


state 5
	variable : ID ',' . variable  (10)

	ID  shift 1
	.  error

	variable  goto 9


state 6
	funcion : DEF . ID '(' params ')' ':' retorno  (2)

	ID  shift 10
	.  error


state 7
	programa : variables funcion .  (1)

	.  reduce 1


state 8
	variables : variable ':' . tipo ';'  (8)

	INT  shift 11
	DOUBLE  shift 12
	CHAR  shift 13
	.  error

	tipo  goto 14


state 9
	variable : ID ',' variable .  (10)

	.  reduce 10


state 10
	funcion : DEF ID . '(' params ')' ':' retorno  (2)

	'('  shift 15
	.  error


state 11
	tipo : INT .  (11)

	.  reduce 11


state 12
	tipo : DOUBLE .  (12)

	.  reduce 12


state 13
	tipo : CHAR .  (13)

	.  reduce 13


state 14
	variables : variable ':' tipo . ';'  (8)

	';'  shift 16
	.  error


state 15
	funcion : DEF ID '(' . params ')' ':' retorno  (2)

	ID  shift 17
	.  error

	params  goto 18
	param  goto 19


state 16
	variables : variable ':' tipo ';' .  (8)

	.  reduce 8


state 17
	param : ID . ':' tipo  (7)

	':'  shift 20
	.  error


state 18
	funcion : DEF ID '(' params . ')' ':' retorno  (2)

	')'  shift 21
	.  error


state 19
	params : param . ',' params  (5)
	params : param .  (6)

	','  shift 22
	')'  reduce 6


state 20
	param : ID ':' . tipo  (7)

	INT  shift 11
	DOUBLE  shift 12
	CHAR  shift 13
	.  error

	tipo  goto 23


state 21
	funcion : DEF ID '(' params ')' . ':' retorno  (2)

	':'  shift 24
	.  error


state 22
	params : param ',' . params  (5)

	ID  shift 17
	.  error

	params  goto 25
	param  goto 19


state 23
	param : ID ':' tipo .  (7)

	.  reduce 7


state 24
	funcion : DEF ID '(' params ')' ':' . retorno  (2)

	INT  shift 11
	DOUBLE  shift 12
	CHAR  shift 13
	VOID  shift 26
	.  error

	retorno  goto 27
	tipo  goto 28


state 25
	params : param ',' params .  (5)

	.  reduce 5


state 26
	retorno : VOID .  (4)

	.  reduce 4


state 27
	funcion : DEF ID '(' params ')' ':' retorno .  (2)

	.  reduce 2


state 28
	retorno : tipo .  (3)

	.  reduce 3


29 terminals, 9 nonterminals
14 grammar rules, 29 states
